{"C:\\Users\\LENOVO\\Desktop\\Proyectos\\UTN\\Trabajo\\template\\Login-Template-Frontend\\client\\src\\const.ts": {"path":"C:\\Users\\LENOVO\\Desktop\\Proyectos\\UTN\\Trabajo\\template\\Login-Template-Frontend\\client\\src\\const.ts","statementMap":{},"fnMap":{},"branchMap":{},"s":{},"f":{},"b":{},"meta":{"lastBranch":0,"lastFunction":0,"lastStatement":0,"seen":{}}}
,"C:\\Users\\LENOVO\\Desktop\\Proyectos\\UTN\\Trabajo\\template\\Login-Template-Frontend\\client\\src\\setupTests.ts": {"path":"C:\\Users\\LENOVO\\Desktop\\Proyectos\\UTN\\Trabajo\\template\\Login-Template-Frontend\\client\\src\\setupTests.ts","statementMap":{"0":{"start":{"line":6,"column":0},"end":{"line":8,"column":null}},"1":{"start":{"line":7,"column":2},"end":{"line":7,"column":null}}},"fnMap":{"0":{"name":"(anonymous_0)","decl":{"start":{"line":6,"column":10},"end":{"line":6,"column":16}},"loc":{"start":{"line":6,"column":16},"end":{"line":8,"column":1}},"line":6}},"branchMap":{},"s":{"0":0,"1":0},"f":{"0":0},"b":{},"meta":{"lastBranch":0,"lastFunction":1,"lastStatement":2,"seen":{"s:6:0:8:Infinity":0,"f:6:10:6:16":0,"s:7:2:7:Infinity":1}}}
,"C:\\Users\\LENOVO\\Desktop\\Proyectos\\UTN\\Trabajo\\template\\Login-Template-Frontend\\client\\src\\_core\\hooks\\useAuth.ts": {"path":"C:\\Users\\LENOVO\\Desktop\\Proyectos\\UTN\\Trabajo\\template\\Login-Template-Frontend\\client\\src\\_core\\hooks\\useAuth.ts","statementMap":{"0":{"start":{"line":6,"column":18},"end":{"line":6,"column":null}},"1":{"start":{"line":10,"column":20},"end":{"line":10,"column":null}},"2":{"start":{"line":13,"column":4},"end":{"line":13,"column":null}},"3":{"start":{"line":17,"column":4},"end":{"line":17,"column":null}},"4":{"start":{"line":18,"column":4},"end":{"line":18,"column":null}},"5":{"start":{"line":22,"column":4},"end":{"line":22,"column":null}},"6":{"start":{"line":26,"column":4},"end":{"line":26,"column":null}},"7":{"start":{"line":27,"column":4},"end":{"line":27,"column":null}},"8":{"start":{"line":31,"column":18},"end":{"line":31,"column":null}},"9":{"start":{"line":36,"column":20},"end":{"line":40,"column":null}},"10":{"start":{"line":42,"column":10},"end":{"line":54,"column":null}},"11":{"start":{"line":43,"column":8},"end":{"line":48,"column":null}},"12":{"start":{"line":45,"column":12},"end":{"line":45,"column":null}},"13":{"start":{"line":49,"column":8},"end":{"line":49,"column":null}},"14":{"start":{"line":51,"column":9},"end":{"line":51,"column":null}},"15":{"start":{"line":53,"column":8},"end":{"line":53,"column":null}},"16":{"start":{"line":56,"column":10},"end":{"line":63,"column":null}},"17":{"start":{"line":57,"column":8},"end":{"line":62,"column":null}},"18":{"start":{"line":65,"column":4},"end":{"line":69,"column":null}},"19":{"start":{"line":67,"column":23},"end":{"line":67,"column":null}}},"fnMap":{"0":{"name":"getAuthToken","decl":{"start":{"line":12,"column":16},"end":{"line":12,"column":31}},"loc":{"start":{"line":12,"column":31},"end":{"line":14,"column":null}},"line":12},"1":{"name":"setAuthToken","decl":{"start":{"line":16,"column":16},"end":{"line":16,"column":29}},"loc":{"start":{"line":16,"column":44},"end":{"line":19,"column":null}},"line":16},"2":{"name":"markAuthActive","decl":{"start":{"line":21,"column":16},"end":{"line":21,"column":33}},"loc":{"start":{"line":21,"column":33},"end":{"line":23,"column":null}},"line":21},"3":{"name":"clearAuthActive","decl":{"start":{"line":25,"column":16},"end":{"line":25,"column":34}},"loc":{"start":{"line":25,"column":34},"end":{"line":28,"column":null}},"line":25},"4":{"name":"useAuth","decl":{"start":{"line":30,"column":16},"end":{"line":30,"column":26}},"loc":{"start":{"line":30,"column":26},"end":{"line":70,"column":null}},"line":30},"5":{"name":"(anonymous_5)","decl":{"start":{"line":42,"column":31},"end":{"line":42,"column":43}},"loc":{"start":{"line":42,"column":43},"end":{"line":54,"column":7}},"line":42},"6":{"name":"(anonymous_6)","decl":{"start":{"line":56,"column":26},"end":{"line":56,"column":32}},"loc":{"start":{"line":56,"column":32},"end":{"line":63,"column":7}},"line":56},"7":{"name":"(anonymous_7)","decl":{"start":{"line":67,"column":17},"end":{"line":67,"column":23}},"loc":{"start":{"line":67,"column":23},"end":{"line":67,"column":null}},"line":67}},"branchMap":{"0":{"loc":{"start":{"line":58,"column":18},"end":{"line":58,"column":null}},"type":"binary-expr","locations":[{"start":{"line":58,"column":18},"end":{"line":58,"column":34}},{"start":{"line":58,"column":34},"end":{"line":58,"column":null}}],"line":58},"1":{"loc":{"start":{"line":59,"column":21},"end":{"line":59,"column":null}},"type":"binary-expr","locations":[{"start":{"line":59,"column":21},"end":{"line":59,"column":43}},{"start":{"line":59,"column":43},"end":{"line":59,"column":65}},{"start":{"line":59,"column":65},"end":{"line":59,"column":null}}],"line":59},"2":{"loc":{"start":{"line":60,"column":19},"end":{"line":60,"column":null}},"type":"binary-expr","locations":[{"start":{"line":60,"column":19},"end":{"line":60,"column":36}},{"start":{"line":60,"column":36},"end":{"line":60,"column":null}}],"line":60}},"s":{"0":1,"1":1,"2":2,"3":3,"4":3,"5":1,"6":2,"7":2,"8":3,"9":3,"10":3,"11":1,"12":1,"13":1,"14":1,"15":1,"16":3,"17":3,"18":3,"19":1},"f":{"0":2,"1":3,"2":1,"3":2,"4":3,"5":1,"6":3,"7":1},"b":{"0":[3,2],"1":[3,3,0],"2":[3,3]},"meta":{"lastBranch":3,"lastFunction":8,"lastStatement":20,"seen":{"s:6:18:6:Infinity":0,"s:10:20:10:Infinity":1,"f:12:16:12:31":0,"s:13:4:13:Infinity":2,"f:16:16:16:29":1,"s:17:4:17:Infinity":3,"s:18:4:18:Infinity":4,"f:21:16:21:33":2,"s:22:4:22:Infinity":5,"f:25:16:25:34":3,"s:26:4:26:Infinity":6,"s:27:4:27:Infinity":7,"f:30:16:30:26":4,"s:31:18:31:Infinity":8,"s:36:20:40:Infinity":9,"s:42:10:54:Infinity":10,"f:42:31:42:43":5,"s:43:8:48:Infinity":11,"s:45:12:45:Infinity":12,"s:49:8:49:Infinity":13,"s:51:9:51:Infinity":14,"s:53:8:53:Infinity":15,"s:56:10:63:Infinity":16,"f:56:26:56:32":6,"s:57:8:62:Infinity":17,"b:58:18:58:34:58:34:58:Infinity":0,"b:59:21:59:43:59:43:59:65:59:65:59:Infinity":1,"b:60:19:60:36:60:36:60:Infinity":2,"s:65:4:69:Infinity":18,"f:67:17:67:23":7,"s:67:23:67:Infinity":19}}}
,"C:\\Users\\LENOVO\\Desktop\\Proyectos\\UTN\\Trabajo\\template\\Login-Template-Frontend\\client\\src\\hooks\\useMobile.tsx": {"path":"C:\\Users\\LENOVO\\Desktop\\Proyectos\\UTN\\Trabajo\\template\\Login-Template-Frontend\\client\\src\\hooks\\useMobile.tsx","statementMap":{"0":{"start":{"line":3,"column":26},"end":{"line":3,"column":null}},"1":{"start":{"line":6,"column":34},"end":{"line":11,"column":null}},"2":{"start":{"line":7,"column":4},"end":{"line":9,"column":null}},"3":{"start":{"line":8,"column":6},"end":{"line":8,"column":null}},"4":{"start":{"line":10,"column":4},"end":{"line":10,"column":null}},"5":{"start":{"line":13,"column":2},"end":{"line":20,"column":null}},"6":{"start":{"line":14,"column":16},"end":{"line":14,"column":null}},"7":{"start":{"line":15,"column":21},"end":{"line":17,"column":null}},"8":{"start":{"line":16,"column":6},"end":{"line":16,"column":null}},"9":{"start":{"line":18,"column":4},"end":{"line":18,"column":null}},"10":{"start":{"line":19,"column":4},"end":{"line":19,"column":null}},"11":{"start":{"line":19,"column":17},"end":{"line":19,"column":null}},"12":{"start":{"line":22,"column":2},"end":{"line":22,"column":null}}},"fnMap":{"0":{"name":"useIsMobile","decl":{"start":{"line":5,"column":16},"end":{"line":5,"column":30}},"loc":{"start":{"line":5,"column":30},"end":{"line":23,"column":null}},"line":5},"1":{"name":"(anonymous_1)","decl":{"start":{"line":6,"column":58},"end":{"line":6,"column":64}},"loc":{"start":{"line":6,"column":64},"end":{"line":11,"column":3}},"line":6},"2":{"name":"(anonymous_2)","decl":{"start":{"line":13,"column":18},"end":{"line":13,"column":24}},"loc":{"start":{"line":13,"column":24},"end":{"line":20,"column":5}},"line":13},"3":{"name":"(anonymous_3)","decl":{"start":{"line":15,"column":21},"end":{"line":15,"column":27}},"loc":{"start":{"line":15,"column":27},"end":{"line":17,"column":null}},"line":15},"4":{"name":"(anonymous_4)","decl":{"start":{"line":19,"column":11},"end":{"line":19,"column":17}},"loc":{"start":{"line":19,"column":17},"end":{"line":19,"column":null}},"line":19}},"branchMap":{"0":{"loc":{"start":{"line":7,"column":4},"end":{"line":9,"column":null}},"type":"if","locations":[{"start":{"line":7,"column":4},"end":{"line":9,"column":null}},{"start":{},"end":{}}],"line":7}},"s":{"0":1,"1":5,"2":4,"3":4,"4":0,"5":5,"6":4,"7":4,"8":1,"9":4,"10":4,"11":4,"12":5},"f":{"0":5,"1":4,"2":4,"3":1,"4":4},"b":{"0":[4,0]},"meta":{"lastBranch":1,"lastFunction":5,"lastStatement":13,"seen":{"s:3:26:3:Infinity":0,"f:5:16:5:30":0,"s:6:34:11:Infinity":1,"f:6:58:6:64":1,"b:7:4:9:Infinity:undefined:undefined:undefined:undefined":0,"s:7:4:9:Infinity":2,"s:8:6:8:Infinity":3,"s:10:4:10:Infinity":4,"s:13:2:20:Infinity":5,"f:13:18:13:24":2,"s:14:16:14:Infinity":6,"s:15:21:17:Infinity":7,"f:15:21:15:27":3,"s:16:6:16:Infinity":8,"s:18:4:18:Infinity":9,"s:19:4:19:Infinity":10,"f:19:11:19:17":4,"s:19:17:19:Infinity":11,"s:22:2:22:Infinity":12}}}
,"C:\\Users\\LENOVO\\Desktop\\Proyectos\\UTN\\Trabajo\\template\\Login-Template-Frontend\\client\\src\\hooks\\usePersistFn.ts": {"path":"C:\\Users\\LENOVO\\Desktop\\Proyectos\\UTN\\Trabajo\\template\\Login-Template-Frontend\\client\\src\\hooks\\usePersistFn.ts","statementMap":{"0":{"start":{"line":9,"column":8},"end":{"line":9,"column":null}},"1":{"start":{"line":10,"column":2},"end":{"line":10,"column":null}},"2":{"start":{"line":12,"column":8},"end":{"line":12,"column":null}},"3":{"start":{"line":13,"column":2},"end":{"line":17,"column":null}},"4":{"start":{"line":14,"column":4},"end":{"line":16,"column":null}},"5":{"start":{"line":15,"column":6},"end":{"line":15,"column":null}},"6":{"start":{"line":19,"column":2},"end":{"line":19,"column":null}}},"fnMap":{"0":{"name":"usePersistFn","decl":{"start":{"line":8,"column":16},"end":{"line":8,"column":45}},"loc":{"start":{"line":8,"column":52},"end":{"line":20,"column":null}},"line":8},"1":{"name":"(anonymous_1)","decl":{"start":{"line":14,"column":24},"end":{"line":14,"column":52}},"loc":{"start":{"line":14,"column":58},"end":{"line":16,"column":null}},"line":14}},"branchMap":{"0":{"loc":{"start":{"line":13,"column":2},"end":{"line":17,"column":null}},"type":"if","locations":[{"start":{"line":13,"column":2},"end":{"line":17,"column":null}},{"start":{},"end":{}}],"line":13}},"s":{"0":3636,"1":3636,"2":3636,"3":3636,"4":200,"5":383,"6":3636},"f":{"0":3636,"1":383},"b":{"0":[200,3436]},"meta":{"lastBranch":1,"lastFunction":2,"lastStatement":7,"seen":{"f:8:16:8:45":0,"s:9:8:9:Infinity":0,"s:10:2:10:Infinity":1,"s:12:8:12:Infinity":2,"b:13:2:17:Infinity:undefined:undefined:undefined:undefined":0,"s:13:2:17:Infinity":3,"s:14:4:16:Infinity":4,"f:14:24:14:52":1,"s:15:6:15:Infinity":5,"s:19:2:19:Infinity":6}}}
,"C:\\Users\\LENOVO\\Desktop\\Proyectos\\UTN\\Trabajo\\template\\Login-Template-Frontend\\client\\src\\lib\\utils.ts": {"path":"C:\\Users\\LENOVO\\Desktop\\Proyectos\\UTN\\Trabajo\\template\\Login-Template-Frontend\\client\\src\\lib\\utils.ts","statementMap":{"0":{"start":{"line":5,"column":2},"end":{"line":5,"column":null}}},"fnMap":{"0":{"name":"cn","decl":{"start":{"line":4,"column":16},"end":{"line":4,"column":22}},"loc":{"start":{"line":4,"column":44},"end":{"line":6,"column":null}},"line":4}},"branchMap":{},"s":{"0":3135},"f":{"0":3135},"b":{},"meta":{"lastBranch":0,"lastFunction":1,"lastStatement":1,"seen":{"f:4:16:4:22":0,"s:5:2:5:Infinity":0}}}
,"C:\\Users\\LENOVO\\Desktop\\Proyectos\\UTN\\Trabajo\\template\\Login-Template-Frontend\\client\\src\\pages\\ForgotPassword.tsx": {"path":"C:\\Users\\LENOVO\\Desktop\\Proyectos\\UTN\\Trabajo\\template\\Login-Template-Frontend\\client\\src\\pages\\ForgotPassword.tsx","statementMap":{"0":{"start":{"line":15,"column":18},"end":{"line":15,"column":null}},"1":{"start":{"line":19,"column":23},"end":{"line":24,"column":null}},"2":{"start":{"line":20,"column":26},"end":{"line":20,"column":42}},"3":{"start":{"line":21,"column":26},"end":{"line":21,"column":44}},"4":{"start":{"line":22,"column":26},"end":{"line":22,"column":41}},"5":{"start":{"line":23,"column":26},"end":{"line":23,"column":49}},"6":{"start":{"line":27,"column":2},"end":{"line":27,"column":null}},"7":{"start":{"line":27,"column":21},"end":{"line":27,"column":null}},"8":{"start":{"line":28,"column":2},"end":{"line":28,"column":null}},"9":{"start":{"line":28,"column":23},"end":{"line":28,"column":null}},"10":{"start":{"line":29,"column":2},"end":{"line":29,"column":null}},"11":{"start":{"line":29,"column":25},"end":{"line":29,"column":null}},"12":{"start":{"line":30,"column":2},"end":{"line":30,"column":null}},"13":{"start":{"line":30,"column":22},"end":{"line":30,"column":null}},"14":{"start":{"line":31,"column":2},"end":{"line":31,"column":null}},"15":{"start":{"line":31,"column":30},"end":{"line":31,"column":null}},"16":{"start":{"line":32,"column":2},"end":{"line":32,"column":null}},"17":{"start":{"line":35,"column":14},"end":{"line":35,"column":null}},"18":{"start":{"line":36,"column":19},"end":{"line":36,"column":null}},"19":{"start":{"line":39,"column":22},"end":{"line":39,"column":null}},"20":{"start":{"line":40,"column":22},"end":{"line":40,"column":null}},"21":{"start":{"line":41,"column":24},"end":{"line":41,"column":null}},"22":{"start":{"line":42,"column":26},"end":{"line":42,"column":null}},"23":{"start":{"line":43,"column":36},"end":{"line":43,"column":null}},"24":{"start":{"line":44,"column":44},"end":{"line":44,"column":null}},"25":{"start":{"line":45,"column":38},"end":{"line":45,"column":null}},"26":{"start":{"line":46,"column":36},"end":{"line":46,"column":null}},"27":{"start":{"line":47,"column":30},"end":{"line":47,"column":null}},"28":{"start":{"line":48,"column":24},"end":{"line":48,"column":null}},"29":{"start":{"line":49,"column":28},"end":{"line":49,"column":null}},"30":{"start":{"line":50,"column":25},"end":{"line":57,"column":null}},"31":{"start":{"line":52,"column":6},"end":{"line":52,"column":null}},"32":{"start":{"line":53,"column":6},"end":{"line":53,"column":null}},"33":{"start":{"line":54,"column":6},"end":{"line":54,"column":null}},"34":{"start":{"line":56,"column":43},"end":{"line":56,"column":null}},"35":{"start":{"line":59,"column":28},"end":{"line":65,"column":null}},"36":{"start":{"line":61,"column":6},"end":{"line":61,"column":null}},"37":{"start":{"line":62,"column":6},"end":{"line":62,"column":null}},"38":{"start":{"line":64,"column":43},"end":{"line":64,"column":null}},"39":{"start":{"line":67,"column":24},"end":{"line":72,"column":null}},"40":{"start":{"line":69,"column":6},"end":{"line":69,"column":null}},"41":{"start":{"line":71,"column":43},"end":{"line":71,"column":null}},"42":{"start":{"line":74,"column":22},"end":{"line":87,"column":null}},"43":{"start":{"line":75,"column":4},"end":{"line":75,"column":null}},"44":{"start":{"line":76,"column":4},"end":{"line":76,"column":null}},"45":{"start":{"line":77,"column":4},"end":{"line":80,"column":null}},"46":{"start":{"line":78,"column":6},"end":{"line":78,"column":null}},"47":{"start":{"line":79,"column":6},"end":{"line":79,"column":null}},"48":{"start":{"line":82,"column":4},"end":{"line":85,"column":null}},"49":{"start":{"line":83,"column":6},"end":{"line":83,"column":null}},"50":{"start":{"line":84,"column":6},"end":{"line":84,"column":null}},"51":{"start":{"line":86,"column":4},"end":{"line":86,"column":null}},"52":{"start":{"line":89,"column":20},"end":{"line":97,"column":null}},"53":{"start":{"line":90,"column":4},"end":{"line":90,"column":null}},"54":{"start":{"line":91,"column":4},"end":{"line":91,"column":null}},"55":{"start":{"line":92,"column":4},"end":{"line":95,"column":null}},"56":{"start":{"line":93,"column":6},"end":{"line":93,"column":null}},"57":{"start":{"line":94,"column":6},"end":{"line":94,"column":null}},"58":{"start":{"line":96,"column":4},"end":{"line":96,"column":null}},"59":{"start":{"line":99,"column":22},"end":{"line":112,"column":null}},"60":{"start":{"line":100,"column":4},"end":{"line":100,"column":null}},"61":{"start":{"line":101,"column":4},"end":{"line":101,"column":null}},"62":{"start":{"line":102,"column":20},"end":{"line":102,"column":null}},"63":{"start":{"line":103,"column":4},"end":{"line":106,"column":null}},"64":{"start":{"line":104,"column":6},"end":{"line":104,"column":null}},"65":{"start":{"line":105,"column":6},"end":{"line":105,"column":null}},"66":{"start":{"line":107,"column":4},"end":{"line":110,"column":null}},"67":{"start":{"line":108,"column":6},"end":{"line":108,"column":null}},"68":{"start":{"line":109,"column":6},"end":{"line":109,"column":null}},"69":{"start":{"line":111,"column":4},"end":{"line":111,"column":null}},"70":{"start":{"line":114,"column":26},"end":{"line":116,"column":null}},"71":{"start":{"line":115,"column":4},"end":{"line":115,"column":null}},"72":{"start":{"line":118,"column":31},"end":{"line":118,"column":null}},"73":{"start":{"line":118,"column":59},"end":{"line":118,"column":78}},"74":{"start":{"line":119,"column":25},"end":{"line":119,"column":null}},"75":{"start":{"line":121,"column":22},"end":{"line":121,"column":null}},"76":{"start":{"line":123,"column":2},"end":{"line":429,"column":null}},"77":{"start":{"line":161,"column":25},"end":{"line":161,"column":null}},"78":{"start":{"line":162,"column":12},"end":{"line":175,"column":null}},"79":{"start":{"line":196,"column":39},"end":{"line":196,"column":65}},"80":{"start":{"line":196,"column":65},"end":{"line":196,"column":79}},"81":{"start":{"line":247,"column":43},"end":{"line":247,"column":59}},"82":{"start":{"line":247,"column":59},"end":{"line":247,"column":73}},"83":{"start":{"line":291,"column":35},"end":{"line":291,"column":47}},"84":{"start":{"line":291,"column":47},"end":{"line":291,"column":61}},"85":{"start":{"line":291,"column":61},"end":{"line":291,"column":76}},"86":{"start":{"line":312,"column":41},"end":{"line":312,"column":73}},"87":{"start":{"line":312,"column":73},"end":{"line":312,"column":87}},"88":{"start":{"line":322,"column":37},"end":{"line":322,"column":null}},"89":{"start":{"line":338,"column":37},"end":{"line":338,"column":null}},"90":{"start":{"line":339,"column":24},"end":{"line":343,"column":null}},"91":{"start":{"line":359,"column":41},"end":{"line":359,"column":77}},"92":{"start":{"line":359,"column":77},"end":{"line":359,"column":91}},"93":{"start":{"line":368,"column":37},"end":{"line":368,"column":null}},"94":{"start":{"line":421,"column":27},"end":{"line":421,"column":null}}},"fnMap":{"0":{"name":"(anonymous_0)","decl":{"start":{"line":20,"column":10},"end":{"line":20,"column":11}},"loc":{"start":{"line":20,"column":26},"end":{"line":20,"column":42}},"line":20},"1":{"name":"(anonymous_1)","decl":{"start":{"line":21,"column":10},"end":{"line":21,"column":11}},"loc":{"start":{"line":21,"column":26},"end":{"line":21,"column":44}},"line":21},"2":{"name":"(anonymous_2)","decl":{"start":{"line":22,"column":10},"end":{"line":22,"column":11}},"loc":{"start":{"line":22,"column":26},"end":{"line":22,"column":41}},"line":22},"3":{"name":"(anonymous_3)","decl":{"start":{"line":23,"column":10},"end":{"line":23,"column":11}},"loc":{"start":{"line":23,"column":26},"end":{"line":23,"column":49}},"line":23},"4":{"name":"validatePassword","decl":{"start":{"line":26,"column":9},"end":{"line":26,"column":26}},"loc":{"start":{"line":26,"column":53},"end":{"line":33,"column":null}},"line":26},"5":{"name":"ForgotPassword","decl":{"start":{"line":38,"column":24},"end":{"line":38,"column":41}},"loc":{"start":{"line":38,"column":41},"end":{"line":431,"column":null}},"line":38},"6":{"name":"(anonymous_6)","decl":{"start":{"line":51,"column":15},"end":{"line":51,"column":16}},"loc":{"start":{"line":51,"column":46},"end":{"line":55,"column":null}},"line":51},"7":{"name":"(anonymous_7)","decl":{"start":{"line":56,"column":13},"end":{"line":56,"column":14}},"loc":{"start":{"line":56,"column":43},"end":{"line":56,"column":null}},"line":56},"8":{"name":"(anonymous_8)","decl":{"start":{"line":60,"column":15},"end":{"line":60,"column":21}},"loc":{"start":{"line":60,"column":21},"end":{"line":63,"column":null}},"line":60},"9":{"name":"(anonymous_9)","decl":{"start":{"line":64,"column":13},"end":{"line":64,"column":14}},"loc":{"start":{"line":64,"column":43},"end":{"line":64,"column":null}},"line":64},"10":{"name":"(anonymous_10)","decl":{"start":{"line":68,"column":15},"end":{"line":68,"column":21}},"loc":{"start":{"line":68,"column":21},"end":{"line":70,"column":null}},"line":68},"11":{"name":"(anonymous_11)","decl":{"start":{"line":71,"column":13},"end":{"line":71,"column":14}},"loc":{"start":{"line":71,"column":43},"end":{"line":71,"column":null}},"line":71},"12":{"name":"(anonymous_12)","decl":{"start":{"line":74,"column":22},"end":{"line":74,"column":23}},"loc":{"start":{"line":74,"column":46},"end":{"line":87,"column":null}},"line":74},"13":{"name":"(anonymous_13)","decl":{"start":{"line":89,"column":20},"end":{"line":89,"column":21}},"loc":{"start":{"line":89,"column":44},"end":{"line":97,"column":null}},"line":89},"14":{"name":"(anonymous_14)","decl":{"start":{"line":99,"column":22},"end":{"line":99,"column":23}},"loc":{"start":{"line":99,"column":46},"end":{"line":112,"column":null}},"line":99},"15":{"name":"(anonymous_15)","decl":{"start":{"line":114,"column":26},"end":{"line":114,"column":27}},"loc":{"start":{"line":114,"column":54},"end":{"line":116,"column":null}},"line":114},"16":{"name":"(anonymous_16)","decl":{"start":{"line":118,"column":52},"end":{"line":118,"column":53}},"loc":{"start":{"line":118,"column":59},"end":{"line":118,"column":78}},"line":118},"17":{"name":"(anonymous_17)","decl":{"start":{"line":160,"column":21},"end":{"line":160,"column":22}},"loc":{"start":{"line":160,"column":31},"end":{"line":177,"column":11}},"line":160},"18":{"name":"(anonymous_18)","decl":{"start":{"line":196,"column":30},"end":{"line":196,"column":31}},"loc":{"start":{"line":196,"column":37},"end":{"line":196,"column":null}},"line":196},"19":{"name":"(anonymous_19)","decl":{"start":{"line":247,"column":32},"end":{"line":247,"column":33}},"loc":{"start":{"line":247,"column":41},"end":{"line":247,"column":null}},"line":247},"20":{"name":"(anonymous_20)","decl":{"start":{"line":291,"column":27},"end":{"line":291,"column":33}},"loc":{"start":{"line":291,"column":33},"end":{"line":291,"column":null}},"line":291},"21":{"name":"(anonymous_21)","decl":{"start":{"line":312,"column":32},"end":{"line":312,"column":33}},"loc":{"start":{"line":312,"column":39},"end":{"line":312,"column":null}},"line":312},"22":{"name":"(anonymous_22)","decl":{"start":{"line":322,"column":31},"end":{"line":322,"column":37}},"loc":{"start":{"line":322,"column":37},"end":{"line":322,"column":null}},"line":322},"23":{"name":"(anonymous_23)","decl":{"start":{"line":337,"column":42},"end":{"line":337,"column":43}},"loc":{"start":{"line":337,"column":52},"end":{"line":345,"column":23}},"line":337},"24":{"name":"(anonymous_24)","decl":{"start":{"line":359,"column":32},"end":{"line":359,"column":33}},"loc":{"start":{"line":359,"column":39},"end":{"line":359,"column":null}},"line":359},"25":{"name":"(anonymous_25)","decl":{"start":{"line":368,"column":31},"end":{"line":368,"column":37}},"loc":{"start":{"line":368,"column":37},"end":{"line":368,"column":null}},"line":368},"26":{"name":"(anonymous_26)","decl":{"start":{"line":421,"column":21},"end":{"line":421,"column":27}},"loc":{"start":{"line":421,"column":27},"end":{"line":421,"column":null}},"line":421}},"branchMap":{"0":{"loc":{"start":{"line":27,"column":2},"end":{"line":27,"column":null}},"type":"if","locations":[{"start":{"line":27,"column":2},"end":{"line":27,"column":null}},{"start":{},"end":{}}],"line":27},"1":{"loc":{"start":{"line":28,"column":2},"end":{"line":28,"column":null}},"type":"if","locations":[{"start":{"line":28,"column":2},"end":{"line":28,"column":null}},{"start":{},"end":{}}],"line":28},"2":{"loc":{"start":{"line":29,"column":2},"end":{"line":29,"column":null}},"type":"if","locations":[{"start":{"line":29,"column":2},"end":{"line":29,"column":null}},{"start":{},"end":{}}],"line":29},"3":{"loc":{"start":{"line":30,"column":2},"end":{"line":30,"column":null}},"type":"if","locations":[{"start":{"line":30,"column":2},"end":{"line":30,"column":null}},{"start":{},"end":{}}],"line":30},"4":{"loc":{"start":{"line":31,"column":2},"end":{"line":31,"column":null}},"type":"if","locations":[{"start":{"line":31,"column":2},"end":{"line":31,"column":null}},{"start":{},"end":{}}],"line":31},"5":{"loc":{"start":{"line":77,"column":4},"end":{"line":80,"column":null}},"type":"if","locations":[{"start":{"line":77,"column":4},"end":{"line":80,"column":null}},{"start":{},"end":{}}],"line":77},"6":{"loc":{"start":{"line":82,"column":4},"end":{"line":85,"column":null}},"type":"if","locations":[{"start":{"line":82,"column":4},"end":{"line":85,"column":null}},{"start":{},"end":{}}],"line":82},"7":{"loc":{"start":{"line":92,"column":4},"end":{"line":95,"column":null}},"type":"if","locations":[{"start":{"line":92,"column":4},"end":{"line":95,"column":null}},{"start":{},"end":{}}],"line":92},"8":{"loc":{"start":{"line":103,"column":4},"end":{"line":106,"column":null}},"type":"if","locations":[{"start":{"line":103,"column":4},"end":{"line":106,"column":null}},{"start":{},"end":{}}],"line":103},"9":{"loc":{"start":{"line":107,"column":4},"end":{"line":110,"column":null}},"type":"if","locations":[{"start":{"line":107,"column":4},"end":{"line":110,"column":null}},{"start":{},"end":{}}],"line":107},"10":{"loc":{"start":{"line":119,"column":25},"end":{"line":119,"column":null}},"type":"binary-expr","locations":[{"start":{"line":119,"column":25},"end":{"line":119,"column":60}},{"start":{"line":119,"column":60},"end":{"line":119,"column":null}}],"line":119},"11":{"loc":{"start":{"line":165,"column":18},"end":{"line":167,"column":null}},"type":"cond-expr","locations":[{"start":{"line":166,"column":22},"end":{"line":166,"column":null}},{"start":{"line":167,"column":22},"end":{"line":167,"column":null}}],"line":165},"12":{"loc":{"start":{"line":169,"column":46},"end":{"line":169,"column":76}},"type":"cond-expr","locations":[{"start":{"line":169,"column":57},"end":{"line":169,"column":74}},{"start":{"line":169,"column":74},"end":{"line":169,"column":76}}],"line":169},"13":{"loc":{"start":{"line":172,"column":17},"end":{"line":173,"column":null}},"type":"binary-expr","locations":[{"start":{"line":172,"column":17},"end":{"line":172,"column":null}},{"start":{"line":173,"column":18},"end":{"line":173,"column":null}}],"line":172},"14":{"loc":{"start":{"line":173,"column":46},"end":{"line":173,"column":89}},"type":"cond-expr","locations":[{"start":{"line":173,"column":57},"end":{"line":173,"column":75}},{"start":{"line":173,"column":75},"end":{"line":173,"column":89}}],"line":173},"15":{"loc":{"start":{"line":183,"column":13},"end":{"line":229,"column":null}},"type":"binary-expr","locations":[{"start":{"line":183,"column":13},"end":{"line":183,"column":null}},{"start":{"line":184,"column":14},"end":{"line":229,"column":null}}],"line":183},"16":{"loc":{"start":{"line":205,"column":17},"end":{"line":208,"column":null}},"type":"binary-expr","locations":[{"start":{"line":205,"column":17},"end":{"line":205,"column":null}},{"start":{"line":206,"column":18},"end":{"line":208,"column":null}}],"line":205},"17":{"loc":{"start":{"line":217,"column":19},"end":{"line":226,"column":null}},"type":"cond-expr","locations":[{"start":{"line":218,"column":20},"end":{"line":221,"column":null}},{"start":{"line":223,"column":20},"end":{"line":226,"column":null}}],"line":217},"18":{"loc":{"start":{"line":233,"column":13},"end":{"line":297,"column":null}},"type":"binary-expr","locations":[{"start":{"line":233,"column":13},"end":{"line":233,"column":null}},{"start":{"line":234,"column":14},"end":{"line":297,"column":null}}],"line":233},"19":{"loc":{"start":{"line":235,"column":17},"end":{"line":236,"column":null}},"type":"binary-expr","locations":[{"start":{"line":235,"column":17},"end":{"line":235,"column":null}},{"start":{"line":236,"column":18},"end":{"line":236,"column":null}}],"line":235},"20":{"loc":{"start":{"line":264,"column":17},"end":{"line":267,"column":null}},"type":"binary-expr","locations":[{"start":{"line":264,"column":17},"end":{"line":264,"column":null}},{"start":{"line":265,"column":18},"end":{"line":267,"column":null}}],"line":264},"21":{"loc":{"start":{"line":274,"column":28},"end":{"line":274,"column":null}},"type":"binary-expr","locations":[{"start":{"line":274,"column":28},"end":{"line":274,"column":51}},{"start":{"line":274,"column":51},"end":{"line":274,"column":null}}],"line":274},"22":{"loc":{"start":{"line":276,"column":19},"end":{"line":285,"column":null}},"type":"cond-expr","locations":[{"start":{"line":277,"column":20},"end":{"line":280,"column":null}},{"start":{"line":282,"column":20},"end":{"line":285,"column":null}}],"line":276},"23":{"loc":{"start":{"line":301,"column":13},"end":{"line":413,"column":null}},"type":"binary-expr","locations":[{"start":{"line":301,"column":13},"end":{"line":301,"column":null}},{"start":{"line":302,"column":14},"end":{"line":413,"column":null}}],"line":301},"24":{"loc":{"start":{"line":310,"column":28},"end":{"line":310,"column":null}},"type":"cond-expr","locations":[{"start":{"line":310,"column":43},"end":{"line":310,"column":52}},{"start":{"line":310,"column":52},"end":{"line":310,"column":null}}],"line":310},"25":{"loc":{"start":{"line":326,"column":23},"end":{"line":326,"column":null}},"type":"cond-expr","locations":[{"start":{"line":326,"column":38},"end":{"line":326,"column":71}},{"start":{"line":326,"column":71},"end":{"line":326,"column":null}}],"line":326},"26":{"loc":{"start":{"line":329,"column":19},"end":{"line":333,"column":null}},"type":"binary-expr","locations":[{"start":{"line":329,"column":19},"end":{"line":329,"column":null}},{"start":{"line":330,"column":20},"end":{"line":333,"column":null}}],"line":329},"27":{"loc":{"start":{"line":335,"column":19},"end":{"line":346,"column":null}},"type":"binary-expr","locations":[{"start":{"line":335,"column":19},"end":{"line":335,"column":null}},{"start":{"line":336,"column":20},"end":{"line":346,"column":null}}],"line":335},"28":{"loc":{"start":{"line":340,"column":96},"end":{"line":340,"column":145}},"type":"cond-expr","locations":[{"start":{"line":340,"column":103},"end":{"line":340,"column":122}},{"start":{"line":340,"column":122},"end":{"line":340,"column":145}}],"line":340},"29":{"loc":{"start":{"line":341,"column":29},"end":{"line":341,"column":null}},"type":"cond-expr","locations":[{"start":{"line":341,"column":36},"end":{"line":341,"column":84}},{"start":{"line":341,"column":84},"end":{"line":341,"column":null}}],"line":341},"30":{"loc":{"start":{"line":357,"column":28},"end":{"line":357,"column":null}},"type":"cond-expr","locations":[{"start":{"line":357,"column":42},"end":{"line":357,"column":51}},{"start":{"line":357,"column":51},"end":{"line":357,"column":null}}],"line":357},"31":{"loc":{"start":{"line":372,"column":23},"end":{"line":372,"column":null}},"type":"cond-expr","locations":[{"start":{"line":372,"column":37},"end":{"line":372,"column":70}},{"start":{"line":372,"column":70},"end":{"line":372,"column":null}}],"line":372},"32":{"loc":{"start":{"line":375,"column":19},"end":{"line":379,"column":null}},"type":"binary-expr","locations":[{"start":{"line":375,"column":19},"end":{"line":375,"column":49}},{"start":{"line":375,"column":49},"end":{"line":375,"column":null}},{"start":{"line":376,"column":20},"end":{"line":379,"column":null}}],"line":375},"33":{"loc":{"start":{"line":381,"column":19},"end":{"line":385,"column":null}},"type":"binary-expr","locations":[{"start":{"line":381,"column":19},"end":{"line":381,"column":null}},{"start":{"line":382,"column":20},"end":{"line":385,"column":null}}],"line":381},"34":{"loc":{"start":{"line":389,"column":17},"end":{"line":392,"column":null}},"type":"binary-expr","locations":[{"start":{"line":389,"column":17},"end":{"line":389,"column":null}},{"start":{"line":390,"column":18},"end":{"line":392,"column":null}}],"line":389},"35":{"loc":{"start":{"line":399,"column":28},"end":{"line":399,"column":null}},"type":"binary-expr","locations":[{"start":{"line":399,"column":28},"end":{"line":399,"column":55}},{"start":{"line":399,"column":55},"end":{"line":399,"column":80}},{"start":{"line":399,"column":80},"end":{"line":399,"column":null}}],"line":399},"36":{"loc":{"start":{"line":401,"column":19},"end":{"line":410,"column":null}},"type":"cond-expr","locations":[{"start":{"line":402,"column":20},"end":{"line":405,"column":null}},{"start":{"line":407,"column":20},"end":{"line":410,"column":null}}],"line":401}},"s":{"0":1,"1":1,"2":311,"3":166,"4":166,"5":154,"6":2,"7":0,"8":2,"9":0,"10":2,"11":0,"12":2,"13":0,"14":2,"15":0,"16":2,"17":1,"18":1,"19":214,"20":214,"21":214,"22":214,"23":214,"24":214,"25":214,"26":214,"27":214,"28":214,"29":214,"30":214,"31":4,"32":4,"33":4,"34":1,"35":214,"36":2,"37":2,"38":0,"39":214,"40":1,"41":0,"42":214,"43":7,"44":7,"45":7,"46":1,"47":1,"48":6,"49":1,"50":1,"51":5,"52":214,"53":3,"54":3,"55":3,"56":1,"57":1,"58":2,"59":214,"60":2,"61":2,"62":2,"63":2,"64":0,"65":0,"66":2,"67":1,"68":1,"69":1,"70":214,"71":96,"72":214,"73":409,"74":214,"75":214,"76":214,"77":642,"78":642,"79":94,"80":94,"81":3,"82":3,"83":0,"84":0,"85":0,"86":24,"87":24,"88":0,"89":388,"90":388,"91":24,"92":24,"93":0,"94":1},"f":{"0":311,"1":166,"2":166,"3":154,"4":2,"5":214,"6":4,"7":1,"8":2,"9":0,"10":1,"11":0,"12":7,"13":3,"14":2,"15":96,"16":409,"17":642,"18":94,"19":3,"20":0,"21":24,"22":0,"23":388,"24":24,"25":0,"26":1},"b":{"0":[0,2],"1":[0,2],"2":[0,2],"3":[0,2],"4":[0,2],"5":[1,6],"6":[1,5],"7":[1,2],"8":[0,2],"9":[1,1],"10":[214,119],"11":[424,218],"12":[210,432],"13":[642,428],"14":[210,218],"15":[214,105],"16":[105,3],"17":[0,105],"18":[214,8],"19":[8,8],"20":[8,1],"21":[8,2],"22":[0,8],"23":[214,101],"24":[0,101],"25":[0,101],"26":[101,0],"27":[101,97],"28":[276,112],"29":[276,112],"30":[0,101],"31":[0,101],"32":[101,49,47],"33":[101,2],"34":[101,1],"35":[101,101,53],"36":[0,101]},"meta":{"lastBranch":37,"lastFunction":27,"lastStatement":95,"seen":{"s:15:18:15:Infinity":0,"s:19:23:24:Infinity":1,"f:20:10:20:11":0,"s:20:26:20:42":2,"f:21:10:21:11":1,"s:21:26:21:44":3,"f:22:10:22:11":2,"s:22:26:22:41":4,"f:23:10:23:11":3,"s:23:26:23:49":5,"f:26:9:26:26":4,"b:27:2:27:Infinity:undefined:undefined:undefined:undefined":0,"s:27:2:27:Infinity":6,"s:27:21:27:Infinity":7,"b:28:2:28:Infinity:undefined:undefined:undefined:undefined":1,"s:28:2:28:Infinity":8,"s:28:23:28:Infinity":9,"b:29:2:29:Infinity:undefined:undefined:undefined:undefined":2,"s:29:2:29:Infinity":10,"s:29:25:29:Infinity":11,"b:30:2:30:Infinity:undefined:undefined:undefined:undefined":3,"s:30:2:30:Infinity":12,"s:30:22:30:Infinity":13,"b:31:2:31:Infinity:undefined:undefined:undefined:undefined":4,"s:31:2:31:Infinity":14,"s:31:30:31:Infinity":15,"s:32:2:32:Infinity":16,"s:35:14:35:Infinity":17,"s:36:19:36:Infinity":18,"f:38:24:38:41":5,"s:39:22:39:Infinity":19,"s:40:22:40:Infinity":20,"s:41:24:41:Infinity":21,"s:42:26:42:Infinity":22,"s:43:36:43:Infinity":23,"s:44:44:44:Infinity":24,"s:45:38:45:Infinity":25,"s:46:36:46:Infinity":26,"s:47:30:47:Infinity":27,"s:48:24:48:Infinity":28,"s:49:28:49:Infinity":29,"s:50:25:57:Infinity":30,"f:51:15:51:16":6,"s:52:6:52:Infinity":31,"s:53:6:53:Infinity":32,"s:54:6:54:Infinity":33,"f:56:13:56:14":7,"s:56:43:56:Infinity":34,"s:59:28:65:Infinity":35,"f:60:15:60:21":8,"s:61:6:61:Infinity":36,"s:62:6:62:Infinity":37,"f:64:13:64:14":9,"s:64:43:64:Infinity":38,"s:67:24:72:Infinity":39,"f:68:15:68:21":10,"s:69:6:69:Infinity":40,"f:71:13:71:14":11,"s:71:43:71:Infinity":41,"s:74:22:87:Infinity":42,"f:74:22:74:23":12,"s:75:4:75:Infinity":43,"s:76:4:76:Infinity":44,"b:77:4:80:Infinity:undefined:undefined:undefined:undefined":5,"s:77:4:80:Infinity":45,"s:78:6:78:Infinity":46,"s:79:6:79:Infinity":47,"b:82:4:85:Infinity:undefined:undefined:undefined:undefined":6,"s:82:4:85:Infinity":48,"s:83:6:83:Infinity":49,"s:84:6:84:Infinity":50,"s:86:4:86:Infinity":51,"s:89:20:97:Infinity":52,"f:89:20:89:21":13,"s:90:4:90:Infinity":53,"s:91:4:91:Infinity":54,"b:92:4:95:Infinity:undefined:undefined:undefined:undefined":7,"s:92:4:95:Infinity":55,"s:93:6:93:Infinity":56,"s:94:6:94:Infinity":57,"s:96:4:96:Infinity":58,"s:99:22:112:Infinity":59,"f:99:22:99:23":14,"s:100:4:100:Infinity":60,"s:101:4:101:Infinity":61,"s:102:20:102:Infinity":62,"b:103:4:106:Infinity:undefined:undefined:undefined:undefined":8,"s:103:4:106:Infinity":63,"s:104:6:104:Infinity":64,"s:105:6:105:Infinity":65,"b:107:4:110:Infinity:undefined:undefined:undefined:undefined":9,"s:107:4:110:Infinity":66,"s:108:6:108:Infinity":67,"s:109:6:109:Infinity":68,"s:111:4:111:Infinity":69,"s:114:26:116:Infinity":70,"f:114:26:114:27":15,"s:115:4:115:Infinity":71,"s:118:31:118:Infinity":72,"f:118:52:118:53":16,"s:118:59:118:78":73,"s:119:25:119:Infinity":74,"b:119:25:119:60:119:60:119:Infinity":10,"s:121:22:121:Infinity":75,"s:123:2:429:Infinity":76,"f:160:21:160:22":17,"s:161:25:161:Infinity":77,"s:162:12:175:Infinity":78,"b:166:22:166:Infinity:167:22:167:Infinity":11,"b:169:57:169:74:169:74:169:76":12,"b:172:17:172:Infinity:173:18:173:Infinity":13,"b:173:57:173:75:173:75:173:89":14,"b:183:13:183:Infinity:184:14:229:Infinity":15,"f:196:30:196:31":18,"s:196:39:196:65":79,"s:196:65:196:79":80,"b:205:17:205:Infinity:206:18:208:Infinity":16,"b:218:20:221:Infinity:223:20:226:Infinity":17,"b:233:13:233:Infinity:234:14:297:Infinity":18,"b:235:17:235:Infinity:236:18:236:Infinity":19,"f:247:32:247:33":19,"s:247:43:247:59":81,"s:247:59:247:73":82,"b:264:17:264:Infinity:265:18:267:Infinity":20,"b:274:28:274:51:274:51:274:Infinity":21,"b:277:20:280:Infinity:282:20:285:Infinity":22,"f:291:27:291:33":20,"s:291:35:291:47":83,"s:291:47:291:61":84,"s:291:61:291:76":85,"b:301:13:301:Infinity:302:14:413:Infinity":23,"b:310:43:310:52:310:52:310:Infinity":24,"f:312:32:312:33":21,"s:312:41:312:73":86,"s:312:73:312:87":87,"f:322:31:322:37":22,"s:322:37:322:Infinity":88,"b:326:38:326:71:326:71:326:Infinity":25,"b:329:19:329:Infinity:330:20:333:Infinity":26,"b:335:19:335:Infinity:336:20:346:Infinity":27,"f:337:42:337:43":23,"s:338:37:338:Infinity":89,"s:339:24:343:Infinity":90,"b:340:103:340:122:340:122:340:145":28,"b:341:36:341:84:341:84:341:Infinity":29,"b:357:42:357:51:357:51:357:Infinity":30,"f:359:32:359:33":24,"s:359:41:359:77":91,"s:359:77:359:91":92,"f:368:31:368:37":25,"s:368:37:368:Infinity":93,"b:372:37:372:70:372:70:372:Infinity":31,"b:375:19:375:49:375:49:375:Infinity:376:20:379:Infinity":32,"b:381:19:381:Infinity:382:20:385:Infinity":33,"b:389:17:389:Infinity:390:18:392:Infinity":34,"b:399:28:399:55:399:55:399:80:399:80:399:Infinity":35,"b:402:20:405:Infinity:407:20:410:Infinity":36,"f:421:21:421:27":26,"s:421:27:421:Infinity":94}}}
,"C:\\Users\\LENOVO\\Desktop\\Proyectos\\UTN\\Trabajo\\template\\Login-Template-Frontend\\client\\src\\pages\\Login.tsx": {"path":"C:\\Users\\LENOVO\\Desktop\\Proyectos\\UTN\\Trabajo\\template\\Login-Template-Frontend\\client\\src\\pages\\Login.tsx","statementMap":{"0":{"start":{"line":15,"column":18},"end":{"line":15,"column":null}},"1":{"start":{"line":18,"column":22},"end":{"line":18,"column":null}},"2":{"start":{"line":19,"column":24},"end":{"line":19,"column":null}},"3":{"start":{"line":20,"column":30},"end":{"line":20,"column":null}},"4":{"start":{"line":21,"column":38},"end":{"line":21,"column":null}},"5":{"start":{"line":22,"column":30},"end":{"line":22,"column":null}},"6":{"start":{"line":23,"column":24},"end":{"line":23,"column":null}},"7":{"start":{"line":25,"column":16},"end":{"line":25,"column":null}},"8":{"start":{"line":27,"column":24},"end":{"line":37,"column":null}},"9":{"start":{"line":29,"column":6},"end":{"line":29,"column":null}},"10":{"start":{"line":31,"column":6},"end":{"line":31,"column":null}},"11":{"start":{"line":32,"column":6},"end":{"line":32,"column":null}},"12":{"start":{"line":35,"column":6},"end":{"line":35,"column":null}},"13":{"start":{"line":39,"column":23},"end":{"line":58,"column":null}},"14":{"start":{"line":40,"column":4},"end":{"line":40,"column":null}},"15":{"start":{"line":41,"column":4},"end":{"line":41,"column":null}},"16":{"start":{"line":43,"column":4},"end":{"line":46,"column":null}},"17":{"start":{"line":44,"column":6},"end":{"line":44,"column":null}},"18":{"start":{"line":45,"column":6},"end":{"line":45,"column":null}},"19":{"start":{"line":48,"column":4},"end":{"line":51,"column":null}},"20":{"start":{"line":49,"column":6},"end":{"line":49,"column":null}},"21":{"start":{"line":50,"column":6},"end":{"line":50,"column":null}},"22":{"start":{"line":52,"column":4},"end":{"line":55,"column":null}},"23":{"start":{"line":53,"column":6},"end":{"line":53,"column":null}},"24":{"start":{"line":54,"column":6},"end":{"line":54,"column":null}},"25":{"start":{"line":57,"column":4},"end":{"line":57,"column":null}},"26":{"start":{"line":60,"column":26},"end":{"line":62,"column":null}},"27":{"start":{"line":61,"column":4},"end":{"line":61,"column":null}},"28":{"start":{"line":64,"column":2},"end":{"line":199,"column":null}},"29":{"start":{"line":111,"column":37},"end":{"line":111,"column":63}},"30":{"start":{"line":111,"column":63},"end":{"line":111,"column":77}},"31":{"start":{"line":128,"column":39},"end":{"line":128,"column":68}},"32":{"start":{"line":128,"column":68},"end":{"line":128,"column":82}},"33":{"start":{"line":137,"column":35},"end":{"line":137,"column":null}},"34":{"start":{"line":183,"column":27},"end":{"line":183,"column":null}},"35":{"start":{"line":191,"column":27},"end":{"line":191,"column":null}}},"fnMap":{"0":{"name":"Login","decl":{"start":{"line":17,"column":24},"end":{"line":17,"column":32}},"loc":{"start":{"line":17,"column":32},"end":{"line":201,"column":null}},"line":17},"1":{"name":"(anonymous_1)","decl":{"start":{"line":28,"column":15},"end":{"line":28,"column":22}},"loc":{"start":{"line":28,"column":50},"end":{"line":33,"column":null}},"line":28},"2":{"name":"(anonymous_2)","decl":{"start":{"line":34,"column":13},"end":{"line":34,"column":14}},"loc":{"start":{"line":34,"column":43},"end":{"line":36,"column":null}},"line":34},"3":{"name":"(anonymous_3)","decl":{"start":{"line":39,"column":23},"end":{"line":39,"column":24}},"loc":{"start":{"line":39,"column":47},"end":{"line":58,"column":null}},"line":39},"4":{"name":"(anonymous_4)","decl":{"start":{"line":60,"column":26},"end":{"line":60,"column":27}},"loc":{"start":{"line":60,"column":54},"end":{"line":62,"column":null}},"line":60},"5":{"name":"(anonymous_5)","decl":{"start":{"line":111,"column":28},"end":{"line":111,"column":29}},"loc":{"start":{"line":111,"column":35},"end":{"line":111,"column":null}},"line":111},"6":{"name":"(anonymous_6)","decl":{"start":{"line":128,"column":30},"end":{"line":128,"column":31}},"loc":{"start":{"line":128,"column":37},"end":{"line":128,"column":null}},"line":128},"7":{"name":"(anonymous_7)","decl":{"start":{"line":137,"column":29},"end":{"line":137,"column":35}},"loc":{"start":{"line":137,"column":35},"end":{"line":137,"column":null}},"line":137},"8":{"name":"(anonymous_8)","decl":{"start":{"line":183,"column":21},"end":{"line":183,"column":27}},"loc":{"start":{"line":183,"column":27},"end":{"line":183,"column":null}},"line":183},"9":{"name":"(anonymous_9)","decl":{"start":{"line":191,"column":21},"end":{"line":191,"column":27}},"loc":{"start":{"line":191,"column":27},"end":{"line":191,"column":null}},"line":191}},"branchMap":{"0":{"loc":{"start":{"line":43,"column":4},"end":{"line":46,"column":null}},"type":"if","locations":[{"start":{"line":43,"column":4},"end":{"line":46,"column":null}},{"start":{},"end":{}}],"line":43},"1":{"loc":{"start":{"line":48,"column":4},"end":{"line":51,"column":null}},"type":"if","locations":[{"start":{"line":48,"column":4},"end":{"line":51,"column":null}},{"start":{},"end":{}}],"line":48},"2":{"loc":{"start":{"line":52,"column":4},"end":{"line":55,"column":null}},"type":"if","locations":[{"start":{"line":52,"column":4},"end":{"line":55,"column":null}},{"start":{},"end":{}}],"line":52},"3":{"loc":{"start":{"line":126,"column":26},"end":{"line":126,"column":null}},"type":"cond-expr","locations":[{"start":{"line":126,"column":41},"end":{"line":126,"column":50}},{"start":{"line":126,"column":50},"end":{"line":126,"column":null}}],"line":126},"4":{"loc":{"start":{"line":141,"column":21},"end":{"line":141,"column":null}},"type":"cond-expr","locations":[{"start":{"line":141,"column":36},"end":{"line":141,"column":69}},{"start":{"line":141,"column":69},"end":{"line":141,"column":null}}],"line":141},"5":{"loc":{"start":{"line":144,"column":17},"end":{"line":148,"column":null}},"type":"binary-expr","locations":[{"start":{"line":144,"column":17},"end":{"line":144,"column":null}},{"start":{"line":145,"column":18},"end":{"line":148,"column":null}}],"line":144},"6":{"loc":{"start":{"line":152,"column":15},"end":{"line":155,"column":null}},"type":"binary-expr","locations":[{"start":{"line":152,"column":15},"end":{"line":152,"column":null}},{"start":{"line":153,"column":16},"end":{"line":155,"column":null}}],"line":152},"7":{"loc":{"start":{"line":164,"column":17},"end":{"line":173,"column":null}},"type":"cond-expr","locations":[{"start":{"line":165,"column":18},"end":{"line":168,"column":null}},{"start":{"line":170,"column":18},"end":{"line":173,"column":null}}],"line":164}},"s":{"0":1,"1":125,"2":125,"3":125,"4":125,"5":125,"6":125,"7":125,"8":125,"9":1,"10":1,"11":1,"12":1,"13":125,"14":5,"15":5,"16":5,"17":1,"18":1,"19":4,"20":1,"21":1,"22":3,"23":1,"24":1,"25":2,"26":125,"27":48,"28":125,"29":62,"30":62,"31":24,"32":24,"33":2,"34":1,"35":1},"f":{"0":125,"1":1,"2":1,"3":5,"4":48,"5":62,"6":24,"7":2,"8":1,"9":1},"b":{"0":[1,4],"1":[1,3],"2":[1,2],"3":[1,124],"4":[1,124],"5":[125,0],"6":[125,4],"7":[0,125]},"meta":{"lastBranch":8,"lastFunction":10,"lastStatement":36,"seen":{"s:15:18:15:Infinity":0,"f:17:24:17:32":0,"s:18:22:18:Infinity":1,"s:19:24:19:Infinity":2,"s:20:30:20:Infinity":3,"s:21:38:21:Infinity":4,"s:22:30:22:Infinity":5,"s:23:24:23:Infinity":6,"s:25:16:25:Infinity":7,"s:27:24:37:Infinity":8,"f:28:15:28:22":1,"s:29:6:29:Infinity":9,"s:31:6:31:Infinity":10,"s:32:6:32:Infinity":11,"f:34:13:34:14":2,"s:35:6:35:Infinity":12,"s:39:23:58:Infinity":13,"f:39:23:39:24":3,"s:40:4:40:Infinity":14,"s:41:4:41:Infinity":15,"b:43:4:46:Infinity:undefined:undefined:undefined:undefined":0,"s:43:4:46:Infinity":16,"s:44:6:44:Infinity":17,"s:45:6:45:Infinity":18,"b:48:4:51:Infinity:undefined:undefined:undefined:undefined":1,"s:48:4:51:Infinity":19,"s:49:6:49:Infinity":20,"s:50:6:50:Infinity":21,"b:52:4:55:Infinity:undefined:undefined:undefined:undefined":2,"s:52:4:55:Infinity":22,"s:53:6:53:Infinity":23,"s:54:6:54:Infinity":24,"s:57:4:57:Infinity":25,"s:60:26:62:Infinity":26,"f:60:26:60:27":4,"s:61:4:61:Infinity":27,"s:64:2:199:Infinity":28,"f:111:28:111:29":5,"s:111:37:111:63":29,"s:111:63:111:77":30,"b:126:41:126:50:126:50:126:Infinity":3,"f:128:30:128:31":6,"s:128:39:128:68":31,"s:128:68:128:82":32,"f:137:29:137:35":7,"s:137:35:137:Infinity":33,"b:141:36:141:69:141:69:141:Infinity":4,"b:144:17:144:Infinity:145:18:148:Infinity":5,"b:152:15:152:Infinity:153:16:155:Infinity":6,"b:165:18:168:Infinity:170:18:173:Infinity":7,"f:183:21:183:27":8,"s:183:27:183:Infinity":34,"f:191:21:191:27":9,"s:191:27:191:Infinity":35}}}
,"C:\\Users\\LENOVO\\Desktop\\Proyectos\\UTN\\Trabajo\\template\\Login-Template-Frontend\\client\\src\\pages\\Register.tsx": {"path":"C:\\Users\\LENOVO\\Desktop\\Proyectos\\UTN\\Trabajo\\template\\Login-Template-Frontend\\client\\src\\pages\\Register.tsx","statementMap":{"0":{"start":{"line":15,"column":18},"end":{"line":15,"column":null}},"1":{"start":{"line":17,"column":23},"end":{"line":22,"column":null}},"2":{"start":{"line":18,"column":26},"end":{"line":18,"column":42}},"3":{"start":{"line":19,"column":26},"end":{"line":19,"column":44}},"4":{"start":{"line":20,"column":26},"end":{"line":20,"column":41}},"5":{"start":{"line":21,"column":26},"end":{"line":21,"column":49}},"6":{"start":{"line":25,"column":2},"end":{"line":25,"column":null}},"7":{"start":{"line":25,"column":21},"end":{"line":25,"column":null}},"8":{"start":{"line":26,"column":2},"end":{"line":26,"column":null}},"9":{"start":{"line":26,"column":23},"end":{"line":26,"column":null}},"10":{"start":{"line":27,"column":2},"end":{"line":27,"column":null}},"11":{"start":{"line":27,"column":25},"end":{"line":27,"column":null}},"12":{"start":{"line":28,"column":2},"end":{"line":28,"column":null}},"13":{"start":{"line":28,"column":22},"end":{"line":28,"column":null}},"14":{"start":{"line":29,"column":2},"end":{"line":29,"column":null}},"15":{"start":{"line":29,"column":30},"end":{"line":29,"column":null}},"16":{"start":{"line":30,"column":2},"end":{"line":30,"column":null}},"17":{"start":{"line":33,"column":14},"end":{"line":33,"column":null}},"18":{"start":{"line":36,"column":2},"end":{"line":36,"column":null}},"19":{"start":{"line":36,"column":23},"end":{"line":36,"column":null}},"20":{"start":{"line":37,"column":2},"end":{"line":37,"column":null}},"21":{"start":{"line":37,"column":25},"end":{"line":37,"column":null}},"22":{"start":{"line":38,"column":2},"end":{"line":38,"column":null}},"23":{"start":{"line":42,"column":22},"end":{"line":42,"column":null}},"24":{"start":{"line":43,"column":22},"end":{"line":43,"column":null}},"25":{"start":{"line":44,"column":24},"end":{"line":44,"column":null}},"26":{"start":{"line":45,"column":30},"end":{"line":45,"column":null}},"27":{"start":{"line":46,"column":44},"end":{"line":46,"column":null}},"28":{"start":{"line":47,"column":38},"end":{"line":47,"column":null}},"29":{"start":{"line":48,"column":36},"end":{"line":48,"column":null}},"30":{"start":{"line":49,"column":30},"end":{"line":49,"column":null}},"31":{"start":{"line":50,"column":26},"end":{"line":50,"column":null}},"32":{"start":{"line":51,"column":24},"end":{"line":51,"column":null}},"33":{"start":{"line":52,"column":28},"end":{"line":52,"column":null}},"34":{"start":{"line":53,"column":27},"end":{"line":60,"column":null}},"35":{"start":{"line":55,"column":6},"end":{"line":55,"column":null}},"36":{"start":{"line":56,"column":6},"end":{"line":56,"column":null}},"37":{"start":{"line":57,"column":6},"end":{"line":57,"column":null}},"38":{"start":{"line":59,"column":43},"end":{"line":59,"column":null}},"39":{"start":{"line":62,"column":25},"end":{"line":67,"column":null}},"40":{"start":{"line":64,"column":6},"end":{"line":64,"column":null}},"41":{"start":{"line":66,"column":43},"end":{"line":66,"column":null}},"42":{"start":{"line":69,"column":25},"end":{"line":93,"column":null}},"43":{"start":{"line":70,"column":4},"end":{"line":70,"column":null}},"44":{"start":{"line":71,"column":4},"end":{"line":71,"column":null}},"45":{"start":{"line":73,"column":4},"end":{"line":76,"column":null}},"46":{"start":{"line":74,"column":6},"end":{"line":74,"column":null}},"47":{"start":{"line":75,"column":6},"end":{"line":75,"column":null}},"48":{"start":{"line":78,"column":4},"end":{"line":81,"column":null}},"49":{"start":{"line":79,"column":6},"end":{"line":79,"column":null}},"50":{"start":{"line":80,"column":6},"end":{"line":80,"column":null}},"51":{"start":{"line":83,"column":20},"end":{"line":83,"column":null}},"52":{"start":{"line":84,"column":4},"end":{"line":87,"column":null}},"53":{"start":{"line":85,"column":6},"end":{"line":85,"column":null}},"54":{"start":{"line":86,"column":6},"end":{"line":86,"column":null}},"55":{"start":{"line":88,"column":4},"end":{"line":91,"column":null}},"56":{"start":{"line":89,"column":6},"end":{"line":89,"column":null}},"57":{"start":{"line":90,"column":6},"end":{"line":90,"column":null}},"58":{"start":{"line":92,"column":4},"end":{"line":92,"column":null}},"59":{"start":{"line":95,"column":23},"end":{"line":103,"column":null}},"60":{"start":{"line":96,"column":4},"end":{"line":96,"column":null}},"61":{"start":{"line":97,"column":4},"end":{"line":97,"column":null}},"62":{"start":{"line":98,"column":4},"end":{"line":101,"column":null}},"63":{"start":{"line":99,"column":6},"end":{"line":99,"column":null}},"64":{"start":{"line":100,"column":6},"end":{"line":100,"column":null}},"65":{"start":{"line":102,"column":4},"end":{"line":102,"column":null}},"66":{"start":{"line":105,"column":26},"end":{"line":107,"column":null}},"67":{"start":{"line":106,"column":4},"end":{"line":106,"column":null}},"68":{"start":{"line":109,"column":31},"end":{"line":109,"column":null}},"69":{"start":{"line":109,"column":59},"end":{"line":109,"column":75}},"70":{"start":{"line":110,"column":25},"end":{"line":110,"column":null}},"71":{"start":{"line":112,"column":2},"end":{"line":379,"column":null}},"72":{"start":{"line":150,"column":12},"end":{"line":164,"column":null}},"73":{"start":{"line":180,"column":39},"end":{"line":180,"column":65}},"74":{"start":{"line":180,"column":65},"end":{"line":180,"column":79}},"75":{"start":{"line":198,"column":41},"end":{"line":198,"column":70}},"76":{"start":{"line":198,"column":70},"end":{"line":198,"column":84}},"77":{"start":{"line":207,"column":37},"end":{"line":207,"column":null}},"78":{"start":{"line":223,"column":37},"end":{"line":223,"column":null}},"79":{"start":{"line":224,"column":24},"end":{"line":228,"column":null}},"80":{"start":{"line":244,"column":41},"end":{"line":244,"column":77}},"81":{"start":{"line":244,"column":77},"end":{"line":244,"column":91}},"82":{"start":{"line":253,"column":37},"end":{"line":253,"column":null}},"83":{"start":{"line":313,"column":43},"end":{"line":313,"column":59}},"84":{"start":{"line":313,"column":59},"end":{"line":313,"column":73}},"85":{"start":{"line":357,"column":35},"end":{"line":357,"column":47}},"86":{"start":{"line":357,"column":47},"end":{"line":357,"column":61}},"87":{"start":{"line":357,"column":61},"end":{"line":357,"column":76}},"88":{"start":{"line":371,"column":27},"end":{"line":371,"column":null}}},"fnMap":{"0":{"name":"(anonymous_0)","decl":{"start":{"line":18,"column":10},"end":{"line":18,"column":11}},"loc":{"start":{"line":18,"column":26},"end":{"line":18,"column":42}},"line":18},"1":{"name":"(anonymous_1)","decl":{"start":{"line":19,"column":10},"end":{"line":19,"column":11}},"loc":{"start":{"line":19,"column":26},"end":{"line":19,"column":44}},"line":19},"2":{"name":"(anonymous_2)","decl":{"start":{"line":20,"column":10},"end":{"line":20,"column":11}},"loc":{"start":{"line":20,"column":26},"end":{"line":20,"column":41}},"line":20},"3":{"name":"(anonymous_3)","decl":{"start":{"line":21,"column":10},"end":{"line":21,"column":11}},"loc":{"start":{"line":21,"column":26},"end":{"line":21,"column":49}},"line":21},"4":{"name":"validatePassword","decl":{"start":{"line":24,"column":9},"end":{"line":24,"column":26}},"loc":{"start":{"line":24,"column":53},"end":{"line":31,"column":null}},"line":24},"5":{"name":"getStepBadgeClass","decl":{"start":{"line":35,"column":9},"end":{"line":35,"column":27}},"loc":{"start":{"line":35,"column":67},"end":{"line":39,"column":null}},"line":35},"6":{"name":"Register","decl":{"start":{"line":41,"column":24},"end":{"line":41,"column":35}},"loc":{"start":{"line":41,"column":35},"end":{"line":381,"column":null}},"line":41},"7":{"name":"(anonymous_7)","decl":{"start":{"line":54,"column":15},"end":{"line":54,"column":16}},"loc":{"start":{"line":54,"column":46},"end":{"line":58,"column":null}},"line":54},"8":{"name":"(anonymous_8)","decl":{"start":{"line":59,"column":13},"end":{"line":59,"column":14}},"loc":{"start":{"line":59,"column":43},"end":{"line":59,"column":null}},"line":59},"9":{"name":"(anonymous_9)","decl":{"start":{"line":63,"column":15},"end":{"line":63,"column":21}},"loc":{"start":{"line":63,"column":21},"end":{"line":65,"column":null}},"line":63},"10":{"name":"(anonymous_10)","decl":{"start":{"line":66,"column":13},"end":{"line":66,"column":14}},"loc":{"start":{"line":66,"column":43},"end":{"line":66,"column":null}},"line":66},"11":{"name":"(anonymous_11)","decl":{"start":{"line":69,"column":25},"end":{"line":69,"column":26}},"loc":{"start":{"line":69,"column":49},"end":{"line":93,"column":null}},"line":69},"12":{"name":"(anonymous_12)","decl":{"start":{"line":95,"column":23},"end":{"line":95,"column":24}},"loc":{"start":{"line":95,"column":47},"end":{"line":103,"column":null}},"line":95},"13":{"name":"(anonymous_13)","decl":{"start":{"line":105,"column":26},"end":{"line":105,"column":27}},"loc":{"start":{"line":105,"column":54},"end":{"line":107,"column":null}},"line":105},"14":{"name":"(anonymous_14)","decl":{"start":{"line":109,"column":52},"end":{"line":109,"column":53}},"loc":{"start":{"line":109,"column":59},"end":{"line":109,"column":75}},"line":109},"15":{"name":"(anonymous_15)","decl":{"start":{"line":149,"column":21},"end":{"line":149,"column":22}},"loc":{"start":{"line":150,"column":12},"end":{"line":164,"column":null}},"line":150},"16":{"name":"(anonymous_16)","decl":{"start":{"line":180,"column":30},"end":{"line":180,"column":31}},"loc":{"start":{"line":180,"column":37},"end":{"line":180,"column":null}},"line":180},"17":{"name":"(anonymous_17)","decl":{"start":{"line":198,"column":32},"end":{"line":198,"column":33}},"loc":{"start":{"line":198,"column":39},"end":{"line":198,"column":null}},"line":198},"18":{"name":"(anonymous_18)","decl":{"start":{"line":207,"column":31},"end":{"line":207,"column":37}},"loc":{"start":{"line":207,"column":37},"end":{"line":207,"column":null}},"line":207},"19":{"name":"(anonymous_19)","decl":{"start":{"line":222,"column":42},"end":{"line":222,"column":43}},"loc":{"start":{"line":222,"column":52},"end":{"line":230,"column":23}},"line":222},"20":{"name":"(anonymous_20)","decl":{"start":{"line":244,"column":32},"end":{"line":244,"column":33}},"loc":{"start":{"line":244,"column":39},"end":{"line":244,"column":null}},"line":244},"21":{"name":"(anonymous_21)","decl":{"start":{"line":253,"column":31},"end":{"line":253,"column":37}},"loc":{"start":{"line":253,"column":37},"end":{"line":253,"column":null}},"line":253},"22":{"name":"(anonymous_22)","decl":{"start":{"line":313,"column":32},"end":{"line":313,"column":33}},"loc":{"start":{"line":313,"column":41},"end":{"line":313,"column":null}},"line":313},"23":{"name":"(anonymous_23)","decl":{"start":{"line":357,"column":27},"end":{"line":357,"column":33}},"loc":{"start":{"line":357,"column":33},"end":{"line":357,"column":null}},"line":357},"24":{"name":"(anonymous_24)","decl":{"start":{"line":371,"column":21},"end":{"line":371,"column":27}},"loc":{"start":{"line":371,"column":27},"end":{"line":371,"column":null}},"line":371}},"branchMap":{"0":{"loc":{"start":{"line":25,"column":2},"end":{"line":25,"column":null}},"type":"if","locations":[{"start":{"line":25,"column":2},"end":{"line":25,"column":null}},{"start":{},"end":{}}],"line":25},"1":{"loc":{"start":{"line":26,"column":2},"end":{"line":26,"column":null}},"type":"if","locations":[{"start":{"line":26,"column":2},"end":{"line":26,"column":null}},{"start":{},"end":{}}],"line":26},"2":{"loc":{"start":{"line":27,"column":2},"end":{"line":27,"column":null}},"type":"if","locations":[{"start":{"line":27,"column":2},"end":{"line":27,"column":null}},{"start":{},"end":{}}],"line":27},"3":{"loc":{"start":{"line":28,"column":2},"end":{"line":28,"column":null}},"type":"if","locations":[{"start":{"line":28,"column":2},"end":{"line":28,"column":null}},{"start":{},"end":{}}],"line":28},"4":{"loc":{"start":{"line":29,"column":2},"end":{"line":29,"column":null}},"type":"if","locations":[{"start":{"line":29,"column":2},"end":{"line":29,"column":null}},{"start":{},"end":{}}],"line":29},"5":{"loc":{"start":{"line":36,"column":2},"end":{"line":36,"column":null}},"type":"if","locations":[{"start":{"line":36,"column":2},"end":{"line":36,"column":null}},{"start":{},"end":{}}],"line":36},"6":{"loc":{"start":{"line":37,"column":2},"end":{"line":37,"column":null}},"type":"if","locations":[{"start":{"line":37,"column":2},"end":{"line":37,"column":null}},{"start":{},"end":{}}],"line":37},"7":{"loc":{"start":{"line":73,"column":4},"end":{"line":76,"column":null}},"type":"if","locations":[{"start":{"line":73,"column":4},"end":{"line":76,"column":null}},{"start":{},"end":{}}],"line":73},"8":{"loc":{"start":{"line":78,"column":4},"end":{"line":81,"column":null}},"type":"if","locations":[{"start":{"line":78,"column":4},"end":{"line":81,"column":null}},{"start":{},"end":{}}],"line":78},"9":{"loc":{"start":{"line":84,"column":4},"end":{"line":87,"column":null}},"type":"if","locations":[{"start":{"line":84,"column":4},"end":{"line":87,"column":null}},{"start":{},"end":{}}],"line":84},"10":{"loc":{"start":{"line":88,"column":4},"end":{"line":91,"column":null}},"type":"if","locations":[{"start":{"line":88,"column":4},"end":{"line":91,"column":null}},{"start":{},"end":{}}],"line":88},"11":{"loc":{"start":{"line":98,"column":4},"end":{"line":101,"column":null}},"type":"if","locations":[{"start":{"line":98,"column":4},"end":{"line":101,"column":null}},{"start":{},"end":{}}],"line":98},"12":{"loc":{"start":{"line":110,"column":25},"end":{"line":110,"column":null}},"type":"binary-expr","locations":[{"start":{"line":110,"column":25},"end":{"line":110,"column":57}},{"start":{"line":110,"column":57},"end":{"line":110,"column":null}}],"line":110},"13":{"loc":{"start":{"line":152,"column":16},"end":{"line":154,"column":null}},"type":"cond-expr","locations":[{"start":{"line":153,"column":20},"end":{"line":153,"column":null}},{"start":{"line":154,"column":20},"end":{"line":154,"column":null}}],"line":152},"14":{"loc":{"start":{"line":157,"column":19},"end":{"line":157,"column":null}},"type":"cond-expr","locations":[{"start":{"line":157,"column":30},"end":{"line":157,"column":69}},{"start":{"line":157,"column":69},"end":{"line":157,"column":null}}],"line":157},"15":{"loc":{"start":{"line":161,"column":15},"end":{"line":162,"column":null}},"type":"binary-expr","locations":[{"start":{"line":161,"column":15},"end":{"line":161,"column":null}},{"start":{"line":162,"column":16},"end":{"line":162,"column":null}}],"line":161},"16":{"loc":{"start":{"line":162,"column":44},"end":{"line":162,"column":87}},"type":"cond-expr","locations":[{"start":{"line":162,"column":55},"end":{"line":162,"column":73}},{"start":{"line":162,"column":73},"end":{"line":162,"column":87}}],"line":162},"17":{"loc":{"start":{"line":170,"column":13},"end":{"line":363,"column":null}},"type":"cond-expr","locations":[{"start":{"line":171,"column":14},"end":{"line":298,"column":null}},{"start":{"line":300,"column":14},"end":{"line":363,"column":null}}],"line":170},"18":{"loc":{"start":{"line":196,"column":28},"end":{"line":196,"column":null}},"type":"cond-expr","locations":[{"start":{"line":196,"column":43},"end":{"line":196,"column":52}},{"start":{"line":196,"column":52},"end":{"line":196,"column":null}}],"line":196},"19":{"loc":{"start":{"line":211,"column":23},"end":{"line":211,"column":null}},"type":"cond-expr","locations":[{"start":{"line":211,"column":38},"end":{"line":211,"column":71}},{"start":{"line":211,"column":71},"end":{"line":211,"column":null}}],"line":211},"20":{"loc":{"start":{"line":214,"column":19},"end":{"line":218,"column":null}},"type":"binary-expr","locations":[{"start":{"line":214,"column":19},"end":{"line":214,"column":null}},{"start":{"line":215,"column":20},"end":{"line":218,"column":null}}],"line":214},"21":{"loc":{"start":{"line":220,"column":19},"end":{"line":231,"column":null}},"type":"binary-expr","locations":[{"start":{"line":220,"column":19},"end":{"line":220,"column":null}},{"start":{"line":221,"column":20},"end":{"line":231,"column":null}}],"line":220},"22":{"loc":{"start":{"line":225,"column":96},"end":{"line":225,"column":145}},"type":"cond-expr","locations":[{"start":{"line":225,"column":103},"end":{"line":225,"column":122}},{"start":{"line":225,"column":122},"end":{"line":225,"column":145}}],"line":225},"23":{"loc":{"start":{"line":226,"column":29},"end":{"line":226,"column":null}},"type":"cond-expr","locations":[{"start":{"line":226,"column":36},"end":{"line":226,"column":84}},{"start":{"line":226,"column":84},"end":{"line":226,"column":null}}],"line":226},"24":{"loc":{"start":{"line":242,"column":28},"end":{"line":242,"column":null}},"type":"cond-expr","locations":[{"start":{"line":242,"column":42},"end":{"line":242,"column":51}},{"start":{"line":242,"column":51},"end":{"line":242,"column":null}}],"line":242},"25":{"loc":{"start":{"line":257,"column":23},"end":{"line":257,"column":null}},"type":"cond-expr","locations":[{"start":{"line":257,"column":37},"end":{"line":257,"column":70}},{"start":{"line":257,"column":70},"end":{"line":257,"column":null}}],"line":257},"26":{"loc":{"start":{"line":260,"column":19},"end":{"line":264,"column":null}},"type":"binary-expr","locations":[{"start":{"line":260,"column":19},"end":{"line":260,"column":49}},{"start":{"line":260,"column":49},"end":{"line":260,"column":null}},{"start":{"line":261,"column":20},"end":{"line":264,"column":null}}],"line":260},"27":{"loc":{"start":{"line":266,"column":19},"end":{"line":270,"column":null}},"type":"binary-expr","locations":[{"start":{"line":266,"column":19},"end":{"line":266,"column":null}},{"start":{"line":267,"column":20},"end":{"line":270,"column":null}}],"line":266},"28":{"loc":{"start":{"line":274,"column":17},"end":{"line":277,"column":null}},"type":"binary-expr","locations":[{"start":{"line":274,"column":17},"end":{"line":274,"column":null}},{"start":{"line":275,"column":18},"end":{"line":277,"column":null}}],"line":274},"29":{"loc":{"start":{"line":284,"column":28},"end":{"line":284,"column":null}},"type":"binary-expr","locations":[{"start":{"line":284,"column":28},"end":{"line":284,"column":58}},{"start":{"line":284,"column":58},"end":{"line":284,"column":83}},{"start":{"line":284,"column":83},"end":{"line":284,"column":null}}],"line":284},"30":{"loc":{"start":{"line":286,"column":19},"end":{"line":295,"column":null}},"type":"cond-expr","locations":[{"start":{"line":287,"column":20},"end":{"line":290,"column":null}},{"start":{"line":292,"column":20},"end":{"line":295,"column":null}}],"line":286},"31":{"loc":{"start":{"line":301,"column":17},"end":{"line":302,"column":null}},"type":"binary-expr","locations":[{"start":{"line":301,"column":17},"end":{"line":301,"column":null}},{"start":{"line":302,"column":18},"end":{"line":302,"column":null}}],"line":301},"32":{"loc":{"start":{"line":330,"column":17},"end":{"line":333,"column":null}},"type":"binary-expr","locations":[{"start":{"line":330,"column":17},"end":{"line":330,"column":null}},{"start":{"line":331,"column":18},"end":{"line":333,"column":null}}],"line":330},"33":{"loc":{"start":{"line":340,"column":28},"end":{"line":340,"column":null}},"type":"binary-expr","locations":[{"start":{"line":340,"column":28},"end":{"line":340,"column":51}},{"start":{"line":340,"column":51},"end":{"line":340,"column":null}}],"line":340},"34":{"loc":{"start":{"line":342,"column":19},"end":{"line":351,"column":null}},"type":"cond-expr","locations":[{"start":{"line":343,"column":20},"end":{"line":346,"column":null}},{"start":{"line":348,"column":20},"end":{"line":351,"column":null}}],"line":342}},"s":{"0":1,"1":1,"2":409,"3":266,"4":266,"5":256,"6":4,"7":1,"8":3,"9":3,"10":3,"11":3,"12":3,"13":3,"14":3,"15":3,"16":3,"17":1,"18":504,"19":3,"20":501,"21":501,"22":249,"23":252,"24":252,"25":252,"26":252,"27":252,"28":252,"29":252,"30":252,"31":252,"32":252,"33":252,"34":252,"35":1,"36":1,"37":1,"38":1,"39":252,"40":1,"41":0,"42":252,"43":6,"44":6,"45":6,"46":1,"47":1,"48":5,"49":1,"50":1,"51":4,"52":4,"53":1,"54":1,"55":3,"56":1,"57":1,"58":2,"59":252,"60":1,"61":1,"62":1,"63":0,"64":0,"65":1,"66":252,"67":154,"68":252,"69":569,"70":252,"71":252,"72":504,"73":78,"74":78,"75":40,"76":40,"77":0,"78":628,"79":628,"80":37,"81":37,"82":0,"83":1,"84":1,"85":0,"86":0,"87":0,"88":1},"f":{"0":409,"1":266,"2":266,"3":256,"4":4,"5":504,"6":252,"7":1,"8":1,"9":1,"10":0,"11":6,"12":1,"13":154,"14":569,"15":504,"16":78,"17":40,"18":0,"19":628,"20":37,"21":0,"22":1,"23":0,"24":1},"b":{"0":[1,3],"1":[0,3],"2":[0,3],"3":[0,3],"4":[0,3],"5":[3,501],"6":[252,249],"7":[1,5],"8":[1,4],"9":[1,3],"10":[1,2],"11":[0,1],"12":[252,100],"13":[255,249],"14":[3,501],"15":[504,252],"16":[3,249],"17":[249,3],"18":[0,249],"19":[0,249],"20":[249,0],"21":[249,157],"22":[432,196],"23":[432,196],"24":[0,249],"25":[0,249],"26":[249,76,71],"27":[249,5],"28":[249,5],"29":[249,249,82],"30":[0,249],"31":[3,3],"32":[3,0],"33":[3,2],"34":[0,3]},"meta":{"lastBranch":35,"lastFunction":25,"lastStatement":89,"seen":{"s:15:18:15:Infinity":0,"s:17:23:22:Infinity":1,"f:18:10:18:11":0,"s:18:26:18:42":2,"f:19:10:19:11":1,"s:19:26:19:44":3,"f:20:10:20:11":2,"s:20:26:20:41":4,"f:21:10:21:11":3,"s:21:26:21:49":5,"f:24:9:24:26":4,"b:25:2:25:Infinity:undefined:undefined:undefined:undefined":0,"s:25:2:25:Infinity":6,"s:25:21:25:Infinity":7,"b:26:2:26:Infinity:undefined:undefined:undefined:undefined":1,"s:26:2:26:Infinity":8,"s:26:23:26:Infinity":9,"b:27:2:27:Infinity:undefined:undefined:undefined:undefined":2,"s:27:2:27:Infinity":10,"s:27:25:27:Infinity":11,"b:28:2:28:Infinity:undefined:undefined:undefined:undefined":3,"s:28:2:28:Infinity":12,"s:28:22:28:Infinity":13,"b:29:2:29:Infinity:undefined:undefined:undefined:undefined":4,"s:29:2:29:Infinity":14,"s:29:30:29:Infinity":15,"s:30:2:30:Infinity":16,"s:33:14:33:Infinity":17,"f:35:9:35:27":5,"b:36:2:36:Infinity:undefined:undefined:undefined:undefined":5,"s:36:2:36:Infinity":18,"s:36:23:36:Infinity":19,"b:37:2:37:Infinity:undefined:undefined:undefined:undefined":6,"s:37:2:37:Infinity":20,"s:37:25:37:Infinity":21,"s:38:2:38:Infinity":22,"f:41:24:41:35":6,"s:42:22:42:Infinity":23,"s:43:22:43:Infinity":24,"s:44:24:44:Infinity":25,"s:45:30:45:Infinity":26,"s:46:44:46:Infinity":27,"s:47:38:47:Infinity":28,"s:48:36:48:Infinity":29,"s:49:30:49:Infinity":30,"s:50:26:50:Infinity":31,"s:51:24:51:Infinity":32,"s:52:28:52:Infinity":33,"s:53:27:60:Infinity":34,"f:54:15:54:16":7,"s:55:6:55:Infinity":35,"s:56:6:56:Infinity":36,"s:57:6:57:Infinity":37,"f:59:13:59:14":8,"s:59:43:59:Infinity":38,"s:62:25:67:Infinity":39,"f:63:15:63:21":9,"s:64:6:64:Infinity":40,"f:66:13:66:14":10,"s:66:43:66:Infinity":41,"s:69:25:93:Infinity":42,"f:69:25:69:26":11,"s:70:4:70:Infinity":43,"s:71:4:71:Infinity":44,"b:73:4:76:Infinity:undefined:undefined:undefined:undefined":7,"s:73:4:76:Infinity":45,"s:74:6:74:Infinity":46,"s:75:6:75:Infinity":47,"b:78:4:81:Infinity:undefined:undefined:undefined:undefined":8,"s:78:4:81:Infinity":48,"s:79:6:79:Infinity":49,"s:80:6:80:Infinity":50,"s:83:20:83:Infinity":51,"b:84:4:87:Infinity:undefined:undefined:undefined:undefined":9,"s:84:4:87:Infinity":52,"s:85:6:85:Infinity":53,"s:86:6:86:Infinity":54,"b:88:4:91:Infinity:undefined:undefined:undefined:undefined":10,"s:88:4:91:Infinity":55,"s:89:6:89:Infinity":56,"s:90:6:90:Infinity":57,"s:92:4:92:Infinity":58,"s:95:23:103:Infinity":59,"f:95:23:95:24":12,"s:96:4:96:Infinity":60,"s:97:4:97:Infinity":61,"b:98:4:101:Infinity:undefined:undefined:undefined:undefined":11,"s:98:4:101:Infinity":62,"s:99:6:99:Infinity":63,"s:100:6:100:Infinity":64,"s:102:4:102:Infinity":65,"s:105:26:107:Infinity":66,"f:105:26:105:27":13,"s:106:4:106:Infinity":67,"s:109:31:109:Infinity":68,"f:109:52:109:53":14,"s:109:59:109:75":69,"s:110:25:110:Infinity":70,"b:110:25:110:57:110:57:110:Infinity":12,"s:112:2:379:Infinity":71,"f:149:21:149:22":15,"s:150:12:164:Infinity":72,"b:153:20:153:Infinity:154:20:154:Infinity":13,"b:157:30:157:69:157:69:157:Infinity":14,"b:161:15:161:Infinity:162:16:162:Infinity":15,"b:162:55:162:73:162:73:162:87":16,"b:171:14:298:Infinity:300:14:363:Infinity":17,"f:180:30:180:31":16,"s:180:39:180:65":73,"s:180:65:180:79":74,"b:196:43:196:52:196:52:196:Infinity":18,"f:198:32:198:33":17,"s:198:41:198:70":75,"s:198:70:198:84":76,"f:207:31:207:37":18,"s:207:37:207:Infinity":77,"b:211:38:211:71:211:71:211:Infinity":19,"b:214:19:214:Infinity:215:20:218:Infinity":20,"b:220:19:220:Infinity:221:20:231:Infinity":21,"f:222:42:222:43":19,"s:223:37:223:Infinity":78,"s:224:24:228:Infinity":79,"b:225:103:225:122:225:122:225:145":22,"b:226:36:226:84:226:84:226:Infinity":23,"b:242:42:242:51:242:51:242:Infinity":24,"f:244:32:244:33":20,"s:244:41:244:77":80,"s:244:77:244:91":81,"f:253:31:253:37":21,"s:253:37:253:Infinity":82,"b:257:37:257:70:257:70:257:Infinity":25,"b:260:19:260:49:260:49:260:Infinity:261:20:264:Infinity":26,"b:266:19:266:Infinity:267:20:270:Infinity":27,"b:274:17:274:Infinity:275:18:277:Infinity":28,"b:284:28:284:58:284:58:284:83:284:83:284:Infinity":29,"b:287:20:290:Infinity:292:20:295:Infinity":30,"b:301:17:301:Infinity:302:18:302:Infinity":31,"f:313:32:313:33":22,"s:313:43:313:59":83,"s:313:59:313:73":84,"b:330:17:330:Infinity:331:18:333:Infinity":32,"b:340:28:340:51:340:51:340:Infinity":33,"b:343:20:346:Infinity:348:20:351:Infinity":34,"f:357:27:357:33":23,"s:357:35:357:47":85,"s:357:47:357:61":86,"s:357:61:357:76":87,"f:371:21:371:27":24,"s:371:27:371:Infinity":88}}}
}
