TN:
SF:client\src\const.ts
FNF:0
FNH:0
LF:0
LH:0
BRF:0
BRH:0
end_of_record
TN:
SF:client\src\setupTests.ts
FN:6,(anonymous_0)
FNF:1
FNH:0
FNDA:0,(anonymous_0)
DA:6,0
DA:7,0
LF:2
LH:0
BRF:0
BRH:0
end_of_record
TN:
SF:client\src\_core\hooks\useAuth.ts
FN:12,getAuthToken
FN:16,setAuthToken
FN:21,markAuthActive
FN:25,clearAuthActive
FN:30,useAuth
FN:42,(anonymous_5)
FN:56,(anonymous_6)
FN:67,(anonymous_7)
FNF:8
FNH:8
FNDA:2,getAuthToken
FNDA:3,setAuthToken
FNDA:1,markAuthActive
FNDA:2,clearAuthActive
FNDA:3,useAuth
FNDA:1,(anonymous_5)
FNDA:3,(anonymous_6)
FNDA:1,(anonymous_7)
DA:6,1
DA:10,1
DA:13,2
DA:17,3
DA:18,3
DA:22,1
DA:26,2
DA:27,2
DA:31,3
DA:36,3
DA:42,3
DA:43,1
DA:45,1
DA:49,1
DA:51,1
DA:53,1
DA:56,3
DA:57,3
DA:65,3
DA:67,1
LF:20
LH:20
BRDA:58,0,0,3
BRDA:58,0,1,2
BRDA:59,1,0,3
BRDA:59,1,1,3
BRDA:59,1,2,0
BRDA:60,2,0,3
BRDA:60,2,1,3
BRF:7
BRH:6
end_of_record
TN:
SF:client\src\hooks\useMobile.tsx
FN:5,useIsMobile
FN:6,(anonymous_1)
FN:13,(anonymous_2)
FN:15,(anonymous_3)
FN:19,(anonymous_4)
FNF:5
FNH:5
FNDA:5,useIsMobile
FNDA:4,(anonymous_1)
FNDA:4,(anonymous_2)
FNDA:1,(anonymous_3)
FNDA:4,(anonymous_4)
DA:3,1
DA:6,5
DA:7,4
DA:8,4
DA:10,0
DA:13,5
DA:14,4
DA:15,4
DA:16,1
DA:18,4
DA:19,4
DA:22,5
LF:12
LH:11
BRDA:7,0,0,4
BRDA:7,0,1,0
BRF:2
BRH:1
end_of_record
TN:
SF:client\src\hooks\usePersistFn.ts
FN:8,usePersistFn
FN:14,(anonymous_1)
FNF:2
FNH:2
FNDA:1896,usePersistFn
FNDA:199,(anonymous_1)
DA:9,1896
DA:10,1896
DA:12,1896
DA:13,1896
DA:14,124
DA:15,199
DA:19,1896
LF:7
LH:7
BRDA:13,0,0,124
BRDA:13,0,1,1772
BRF:2
BRH:2
end_of_record
TN:
SF:client\src\lib\utils.ts
FN:4,cn
FNF:1
FNH:1
FNDA:1642,cn
DA:5,1642
LF:1
LH:1
BRF:0
BRH:0
end_of_record
TN:
SF:client\src\pages\ForgotPassword.tsx
FN:20,(anonymous_0)
FN:21,(anonymous_1)
FN:22,(anonymous_2)
FN:23,(anonymous_3)
FN:26,validatePassword
FN:38,ForgotPassword
FN:51,(anonymous_6)
FN:56,(anonymous_7)
FN:60,(anonymous_8)
FN:64,(anonymous_9)
FN:68,(anonymous_10)
FN:71,(anonymous_11)
FN:74,(anonymous_12)
FN:89,(anonymous_13)
FN:99,(anonymous_14)
FN:114,(anonymous_15)
FN:118,(anonymous_16)
FN:160,(anonymous_17)
FN:196,(anonymous_18)
FN:247,(anonymous_19)
FN:291,(anonymous_20)
FN:312,(anonymous_21)
FN:322,(anonymous_22)
FN:337,(anonymous_23)
FN:359,(anonymous_24)
FN:368,(anonymous_25)
FN:421,(anonymous_26)
FNF:27
FNH:20
FNDA:152,(anonymous_0)
FNDA:82,(anonymous_1)
FNDA:82,(anonymous_2)
FNDA:76,(anonymous_3)
FNDA:1,validatePassword
FNDA:104,ForgotPassword
FNDA:2,(anonymous_6)
FNDA:0,(anonymous_7)
FNDA:1,(anonymous_8)
FNDA:0,(anonymous_9)
FNDA:1,(anonymous_10)
FNDA:0,(anonymous_11)
FNDA:4,(anonymous_12)
FNDA:1,(anonymous_13)
FNDA:1,(anonymous_14)
FNDA:48,(anonymous_15)
FNDA:200,(anonymous_16)
FNDA:312,(anonymous_17)
FNDA:45,(anonymous_18)
FNDA:1,(anonymous_19)
FNDA:0,(anonymous_20)
FNDA:12,(anonymous_21)
FNDA:0,(anonymous_22)
FNDA:192,(anonymous_23)
FNDA:12,(anonymous_24)
FNDA:0,(anonymous_25)
FNDA:0,(anonymous_26)
DA:15,1
DA:19,1
DA:20,152
DA:21,82
DA:22,82
DA:23,76
DA:27,1
DA:28,1
DA:29,1
DA:30,1
DA:31,1
DA:32,1
DA:35,1
DA:36,1
DA:39,104
DA:40,104
DA:41,104
DA:42,104
DA:43,104
DA:44,104
DA:45,104
DA:46,104
DA:47,104
DA:48,104
DA:49,104
DA:50,104
DA:52,2
DA:53,2
DA:54,2
DA:56,0
DA:59,104
DA:61,1
DA:62,1
DA:64,0
DA:67,104
DA:69,1
DA:71,0
DA:74,104
DA:75,4
DA:76,4
DA:77,4
DA:78,1
DA:79,1
DA:82,3
DA:83,1
DA:84,1
DA:86,2
DA:89,104
DA:90,1
DA:91,1
DA:92,1
DA:93,0
DA:94,0
DA:96,1
DA:99,104
DA:100,1
DA:101,1
DA:102,1
DA:103,1
DA:104,0
DA:105,0
DA:107,1
DA:108,0
DA:109,0
DA:111,1
DA:114,104
DA:115,48
DA:118,200
DA:119,104
DA:121,104
DA:123,104
DA:161,312
DA:162,312
DA:196,45
DA:247,1
DA:291,0
DA:312,12
DA:322,0
DA:338,192
DA:339,192
DA:359,12
DA:368,0
DA:421,0
LF:83
LH:70
BRDA:27,0,0,0
BRDA:27,0,1,1
BRDA:28,1,0,0
BRDA:28,1,1,1
BRDA:29,2,0,0
BRDA:29,2,1,1
BRDA:30,3,0,0
BRDA:30,3,1,1
BRDA:31,4,0,0
BRDA:31,4,1,1
BRDA:77,5,0,1
BRDA:77,5,1,3
BRDA:82,6,0,1
BRDA:82,6,1,2
BRDA:92,7,0,0
BRDA:92,7,1,1
BRDA:103,8,0,0
BRDA:103,8,1,1
BRDA:107,9,0,0
BRDA:107,9,1,1
BRDA:119,10,0,104
BRDA:119,10,1,58
BRDA:165,11,0,207
BRDA:165,11,1,105
BRDA:169,12,0,103
BRDA:169,12,1,209
BRDA:172,13,0,312
BRDA:172,13,1,208
BRDA:173,14,0,103
BRDA:173,14,1,105
BRDA:183,15,0,104
BRDA:183,15,1,51
BRDA:205,16,0,51
BRDA:205,16,1,2
BRDA:217,17,0,0
BRDA:217,17,1,51
BRDA:233,18,0,104
BRDA:233,18,1,3
BRDA:235,19,0,3
BRDA:235,19,1,3
BRDA:264,20,0,3
BRDA:264,20,1,0
BRDA:274,21,0,3
BRDA:274,21,1,1
BRDA:276,22,0,0
BRDA:276,22,1,3
BRDA:301,23,0,104
BRDA:301,23,1,50
BRDA:310,24,0,0
BRDA:310,24,1,50
BRDA:326,25,0,0
BRDA:326,25,1,50
BRDA:329,26,0,50
BRDA:329,26,1,0
BRDA:335,27,0,50
BRDA:335,27,1,48
BRDA:340,28,0,136
BRDA:340,28,1,56
BRDA:341,29,0,136
BRDA:341,29,1,56
BRDA:357,30,0,0
BRDA:357,30,1,50
BRDA:372,31,0,0
BRDA:372,31,1,50
BRDA:375,32,0,50
BRDA:375,32,1,24
BRDA:375,32,2,22
BRDA:381,33,0,50
BRDA:381,33,1,2
BRDA:389,34,0,50
BRDA:389,34,1,0
BRDA:399,35,0,50
BRDA:399,35,1,50
BRDA:399,35,2,26
BRDA:401,36,0,0
BRDA:401,36,1,50
BRF:76
BRH:58
end_of_record
TN:
SF:client\src\pages\Login.tsx
FN:17,Login
FN:28,(anonymous_1)
FN:34,(anonymous_2)
FN:39,(anonymous_3)
FN:60,(anonymous_4)
FN:111,(anonymous_5)
FN:128,(anonymous_6)
FN:137,(anonymous_7)
FN:183,(anonymous_8)
FN:191,(anonymous_9)
FNF:10
FNH:6
FNDA:78,Login
FNDA:1,(anonymous_1)
FNDA:0,(anonymous_2)
FNDA:4,(anonymous_3)
FNDA:24,(anonymous_4)
FNDA:45,(anonymous_5)
FNDA:12,(anonymous_6)
FNDA:0,(anonymous_7)
FNDA:0,(anonymous_8)
FNDA:0,(anonymous_9)
DA:15,1
DA:18,78
DA:19,78
DA:20,78
DA:21,78
DA:22,78
DA:23,78
DA:25,78
DA:27,78
DA:29,1
DA:31,1
DA:32,1
DA:35,0
DA:39,78
DA:40,4
DA:41,4
DA:43,4
DA:44,1
DA:45,1
DA:48,3
DA:49,1
DA:50,1
DA:52,2
DA:53,1
DA:54,1
DA:57,1
DA:60,78
DA:61,24
DA:64,78
DA:111,45
DA:128,12
DA:137,0
DA:183,0
DA:191,0
LF:34
LH:30
BRDA:43,0,0,1
BRDA:43,0,1,3
BRDA:48,1,0,1
BRDA:48,1,1,2
BRDA:52,2,0,1
BRDA:52,2,1,1
BRDA:126,3,0,0
BRDA:126,3,1,78
BRDA:141,4,0,0
BRDA:141,4,1,78
BRDA:144,5,0,78
BRDA:144,5,1,0
BRDA:152,6,0,78
BRDA:152,6,1,3
BRDA:164,7,0,0
BRDA:164,7,1,78
BRF:16
BRH:12
end_of_record
TN:
SF:client\src\pages\Register.tsx
FN:18,(anonymous_0)
FN:19,(anonymous_1)
FN:20,(anonymous_2)
FN:21,(anonymous_3)
FN:24,validatePassword
FN:35,getStepBadgeClass
FN:41,Register
FN:54,(anonymous_7)
FN:59,(anonymous_8)
FN:63,(anonymous_9)
FN:66,(anonymous_10)
FN:69,(anonymous_11)
FN:95,(anonymous_12)
FN:105,(anonymous_13)
FN:109,(anonymous_14)
FN:149,(anonymous_15)
FN:180,(anonymous_16)
FN:198,(anonymous_17)
FN:207,(anonymous_18)
FN:222,(anonymous_19)
FN:244,(anonymous_20)
FN:253,(anonymous_21)
FN:313,(anonymous_22)
FN:357,(anonymous_23)
FN:371,(anonymous_24)
FNF:25
FNH:19
FNDA:171,(anonymous_0)
FNDA:94,(anonymous_1)
FNDA:94,(anonymous_2)
FNDA:88,(anonymous_3)
FNDA:2,validatePassword
FNDA:228,getStepBadgeClass
FNDA:114,Register
FNDA:1,(anonymous_7)
FNDA:0,(anonymous_8)
FNDA:1,(anonymous_9)
FNDA:0,(anonymous_10)
FNDA:4,(anonymous_11)
FNDA:1,(anonymous_12)
FNDA:56,(anonymous_13)
FNDA:219,(anonymous_14)
FNDA:228,(anonymous_15)
FNDA:45,(anonymous_16)
FNDA:16,(anonymous_17)
FNDA:0,(anonymous_18)
FNDA:228,(anonymous_19)
FNDA:12,(anonymous_20)
FNDA:0,(anonymous_21)
FNDA:1,(anonymous_22)
FNDA:0,(anonymous_23)
FNDA:0,(anonymous_24)
DA:15,1
DA:17,1
DA:18,171
DA:19,94
DA:20,94
DA:21,88
DA:25,2
DA:26,1
DA:27,1
DA:28,1
DA:29,1
DA:30,1
DA:33,1
DA:36,228
DA:37,225
DA:38,111
DA:42,114
DA:43,114
DA:44,114
DA:45,114
DA:46,114
DA:47,114
DA:48,114
DA:49,114
DA:50,114
DA:51,114
DA:52,114
DA:53,114
DA:55,1
DA:56,1
DA:57,1
DA:59,0
DA:62,114
DA:64,1
DA:66,0
DA:69,114
DA:70,4
DA:71,4
DA:73,4
DA:74,1
DA:75,1
DA:78,3
DA:79,1
DA:80,1
DA:83,2
DA:84,2
DA:85,1
DA:86,1
DA:88,1
DA:89,0
DA:90,0
DA:92,1
DA:95,114
DA:96,1
DA:97,1
DA:98,1
DA:99,0
DA:100,0
DA:102,1
DA:105,114
DA:106,56
DA:109,219
DA:110,114
DA:112,114
DA:150,228
DA:180,45
DA:198,16
DA:207,0
DA:223,228
DA:224,228
DA:244,12
DA:253,0
DA:313,1
DA:357,0
DA:371,0
LF:75
LH:65
BRDA:25,0,0,1
BRDA:25,0,1,1
BRDA:26,1,0,0
BRDA:26,1,1,1
BRDA:27,2,0,0
BRDA:27,2,1,1
BRDA:28,3,0,0
BRDA:28,3,1,1
BRDA:29,4,0,0
BRDA:29,4,1,1
BRDA:36,5,0,3
BRDA:36,5,1,225
BRDA:37,6,0,114
BRDA:37,6,1,111
BRDA:73,7,0,1
BRDA:73,7,1,3
BRDA:78,8,0,1
BRDA:78,8,1,2
BRDA:84,9,0,1
BRDA:84,9,1,1
BRDA:88,10,0,0
BRDA:88,10,1,1
BRDA:98,11,0,0
BRDA:98,11,1,1
BRDA:110,12,0,114
BRDA:110,12,1,59
BRDA:152,13,0,117
BRDA:152,13,1,111
BRDA:157,14,0,3
BRDA:157,14,1,225
BRDA:161,15,0,228
BRDA:161,15,1,114
BRDA:162,16,0,3
BRDA:162,16,1,111
BRDA:170,17,0,111
BRDA:170,17,1,3
BRDA:196,18,0,0
BRDA:196,18,1,111
BRDA:211,19,0,0
BRDA:211,19,1,111
BRDA:214,20,0,111
BRDA:214,20,1,0
BRDA:220,21,0,111
BRDA:220,21,1,57
BRDA:225,22,0,136
BRDA:225,22,1,92
BRDA:226,23,0,136
BRDA:226,23,1,92
BRDA:242,24,0,0
BRDA:242,24,1,111
BRDA:257,25,0,0
BRDA:257,25,1,111
BRDA:260,26,0,111
BRDA:260,26,1,24
BRDA:260,26,2,22
BRDA:266,27,0,111
BRDA:266,27,1,2
BRDA:274,28,0,111
BRDA:274,28,1,3
BRDA:284,29,0,111
BRDA:284,29,1,111
BRDA:284,29,2,26
BRDA:286,30,0,0
BRDA:286,30,1,111
BRDA:301,31,0,3
BRDA:301,31,1,3
BRDA:330,32,0,3
BRDA:330,32,1,0
BRDA:340,33,0,3
BRDA:340,33,1,2
BRDA:342,34,0,0
BRDA:342,34,1,3
BRF:72
BRH:58
end_of_record
