TN:
SF:client\src\const.ts
FNF:0
FNH:0
LF:0
LH:0
BRF:0
BRH:0
end_of_record
TN:
SF:client\src\setupTests.ts
FN:6,(anonymous_0)
FNF:1
FNH:0
FNDA:0,(anonymous_0)
DA:6,0
DA:7,0
LF:2
LH:0
BRF:0
BRH:0
end_of_record
TN:
SF:client\src\_core\hooks\useAuth.ts
FN:12,getAuthToken
FN:16,setAuthToken
FN:21,markAuthActive
FN:25,clearAuthActive
FN:30,useAuth
FN:42,(anonymous_5)
FN:56,(anonymous_6)
FN:67,(anonymous_7)
FNF:8
FNH:8
FNDA:2,getAuthToken
FNDA:3,setAuthToken
FNDA:1,markAuthActive
FNDA:2,clearAuthActive
FNDA:3,useAuth
FNDA:1,(anonymous_5)
FNDA:3,(anonymous_6)
FNDA:1,(anonymous_7)
DA:6,1
DA:10,1
DA:13,2
DA:17,3
DA:18,3
DA:22,1
DA:26,2
DA:27,2
DA:31,3
DA:36,3
DA:42,3
DA:43,1
DA:45,1
DA:49,1
DA:51,1
DA:53,1
DA:56,3
DA:57,3
DA:65,3
DA:67,1
LF:20
LH:20
BRDA:58,0,0,3
BRDA:58,0,1,2
BRDA:59,1,0,3
BRDA:59,1,1,3
BRDA:59,1,2,0
BRDA:60,2,0,3
BRDA:60,2,1,3
BRF:7
BRH:6
end_of_record
TN:
SF:client\src\hooks\useMobile.tsx
FN:5,useIsMobile
FN:6,(anonymous_1)
FN:13,(anonymous_2)
FN:15,(anonymous_3)
FN:19,(anonymous_4)
FNF:5
FNH:5
FNDA:5,useIsMobile
FNDA:4,(anonymous_1)
FNDA:4,(anonymous_2)
FNDA:1,(anonymous_3)
FNDA:4,(anonymous_4)
DA:3,1
DA:6,5
DA:7,4
DA:8,4
DA:10,0
DA:13,5
DA:14,4
DA:15,4
DA:16,1
DA:18,4
DA:19,4
DA:22,5
LF:12
LH:11
BRDA:7,0,0,4
BRDA:7,0,1,0
BRF:2
BRH:1
end_of_record
TN:
SF:client\src\hooks\usePersistFn.ts
FN:8,usePersistFn
FN:14,(anonymous_1)
FNF:2
FNH:2
FNDA:3636,usePersistFn
FNDA:383,(anonymous_1)
DA:9,3636
DA:10,3636
DA:12,3636
DA:13,3636
DA:14,200
DA:15,383
DA:19,3636
LF:7
LH:7
BRDA:13,0,0,200
BRDA:13,0,1,3436
BRF:2
BRH:2
end_of_record
TN:
SF:client\src\lib\utils.ts
FN:4,cn
FNF:1
FNH:1
FNDA:3135,cn
DA:5,3135
LF:1
LH:1
BRF:0
BRH:0
end_of_record
TN:
SF:client\src\pages\ForgotPassword.tsx
FN:20,(anonymous_0)
FN:21,(anonymous_1)
FN:22,(anonymous_2)
FN:23,(anonymous_3)
FN:26,validatePassword
FN:38,ForgotPassword
FN:51,(anonymous_6)
FN:56,(anonymous_7)
FN:60,(anonymous_8)
FN:64,(anonymous_9)
FN:68,(anonymous_10)
FN:71,(anonymous_11)
FN:74,(anonymous_12)
FN:89,(anonymous_13)
FN:99,(anonymous_14)
FN:114,(anonymous_15)
FN:118,(anonymous_16)
FN:160,(anonymous_17)
FN:196,(anonymous_18)
FN:247,(anonymous_19)
FN:291,(anonymous_20)
FN:312,(anonymous_21)
FN:322,(anonymous_22)
FN:337,(anonymous_23)
FN:359,(anonymous_24)
FN:368,(anonymous_25)
FN:421,(anonymous_26)
FNF:27
FNH:22
FNDA:311,(anonymous_0)
FNDA:166,(anonymous_1)
FNDA:166,(anonymous_2)
FNDA:154,(anonymous_3)
FNDA:2,validatePassword
FNDA:214,ForgotPassword
FNDA:4,(anonymous_6)
FNDA:1,(anonymous_7)
FNDA:2,(anonymous_8)
FNDA:0,(anonymous_9)
FNDA:1,(anonymous_10)
FNDA:0,(anonymous_11)
FNDA:7,(anonymous_12)
FNDA:3,(anonymous_13)
FNDA:2,(anonymous_14)
FNDA:96,(anonymous_15)
FNDA:409,(anonymous_16)
FNDA:642,(anonymous_17)
FNDA:94,(anonymous_18)
FNDA:3,(anonymous_19)
FNDA:0,(anonymous_20)
FNDA:24,(anonymous_21)
FNDA:0,(anonymous_22)
FNDA:388,(anonymous_23)
FNDA:24,(anonymous_24)
FNDA:0,(anonymous_25)
FNDA:1,(anonymous_26)
DA:15,1
DA:19,1
DA:20,311
DA:21,166
DA:22,166
DA:23,154
DA:27,2
DA:28,2
DA:29,2
DA:30,2
DA:31,2
DA:32,2
DA:35,1
DA:36,1
DA:39,214
DA:40,214
DA:41,214
DA:42,214
DA:43,214
DA:44,214
DA:45,214
DA:46,214
DA:47,214
DA:48,214
DA:49,214
DA:50,214
DA:52,4
DA:53,4
DA:54,4
DA:56,1
DA:59,214
DA:61,2
DA:62,2
DA:64,0
DA:67,214
DA:69,1
DA:71,0
DA:74,214
DA:75,7
DA:76,7
DA:77,7
DA:78,1
DA:79,1
DA:82,6
DA:83,1
DA:84,1
DA:86,5
DA:89,214
DA:90,3
DA:91,3
DA:92,3
DA:93,1
DA:94,1
DA:96,2
DA:99,214
DA:100,2
DA:101,2
DA:102,2
DA:103,2
DA:104,0
DA:105,0
DA:107,2
DA:108,1
DA:109,1
DA:111,1
DA:114,214
DA:115,96
DA:118,409
DA:119,214
DA:121,214
DA:123,214
DA:161,642
DA:162,642
DA:196,94
DA:247,3
DA:291,0
DA:312,24
DA:322,0
DA:338,388
DA:339,388
DA:359,24
DA:368,0
DA:421,1
LF:83
LH:76
BRDA:27,0,0,0
BRDA:27,0,1,2
BRDA:28,1,0,0
BRDA:28,1,1,2
BRDA:29,2,0,0
BRDA:29,2,1,2
BRDA:30,3,0,0
BRDA:30,3,1,2
BRDA:31,4,0,0
BRDA:31,4,1,2
BRDA:77,5,0,1
BRDA:77,5,1,6
BRDA:82,6,0,1
BRDA:82,6,1,5
BRDA:92,7,0,1
BRDA:92,7,1,2
BRDA:103,8,0,0
BRDA:103,8,1,2
BRDA:107,9,0,1
BRDA:107,9,1,1
BRDA:119,10,0,214
BRDA:119,10,1,119
BRDA:165,11,0,424
BRDA:165,11,1,218
BRDA:169,12,0,210
BRDA:169,12,1,432
BRDA:172,13,0,642
BRDA:172,13,1,428
BRDA:173,14,0,210
BRDA:173,14,1,218
BRDA:183,15,0,214
BRDA:183,15,1,105
BRDA:205,16,0,105
BRDA:205,16,1,3
BRDA:217,17,0,0
BRDA:217,17,1,105
BRDA:233,18,0,214
BRDA:233,18,1,8
BRDA:235,19,0,8
BRDA:235,19,1,8
BRDA:264,20,0,8
BRDA:264,20,1,1
BRDA:274,21,0,8
BRDA:274,21,1,2
BRDA:276,22,0,0
BRDA:276,22,1,8
BRDA:301,23,0,214
BRDA:301,23,1,101
BRDA:310,24,0,0
BRDA:310,24,1,101
BRDA:326,25,0,0
BRDA:326,25,1,101
BRDA:329,26,0,101
BRDA:329,26,1,0
BRDA:335,27,0,101
BRDA:335,27,1,97
BRDA:340,28,0,276
BRDA:340,28,1,112
BRDA:341,29,0,276
BRDA:341,29,1,112
BRDA:357,30,0,0
BRDA:357,30,1,101
BRDA:372,31,0,0
BRDA:372,31,1,101
BRDA:375,32,0,101
BRDA:375,32,1,49
BRDA:375,32,2,47
BRDA:381,33,0,101
BRDA:381,33,1,2
BRDA:389,34,0,101
BRDA:389,34,1,1
BRDA:399,35,0,101
BRDA:399,35,1,101
BRDA:399,35,2,53
BRDA:401,36,0,0
BRDA:401,36,1,101
BRF:76
BRH:62
end_of_record
TN:
SF:client\src\pages\Login.tsx
FN:17,Login
FN:28,(anonymous_1)
FN:34,(anonymous_2)
FN:39,(anonymous_3)
FN:60,(anonymous_4)
FN:111,(anonymous_5)
FN:128,(anonymous_6)
FN:137,(anonymous_7)
FN:183,(anonymous_8)
FN:191,(anonymous_9)
FNF:10
FNH:10
FNDA:125,Login
FNDA:1,(anonymous_1)
FNDA:1,(anonymous_2)
FNDA:5,(anonymous_3)
FNDA:48,(anonymous_4)
FNDA:62,(anonymous_5)
FNDA:24,(anonymous_6)
FNDA:2,(anonymous_7)
FNDA:1,(anonymous_8)
FNDA:1,(anonymous_9)
DA:15,1
DA:18,125
DA:19,125
DA:20,125
DA:21,125
DA:22,125
DA:23,125
DA:25,125
DA:27,125
DA:29,1
DA:31,1
DA:32,1
DA:35,1
DA:39,125
DA:40,5
DA:41,5
DA:43,5
DA:44,1
DA:45,1
DA:48,4
DA:49,1
DA:50,1
DA:52,3
DA:53,1
DA:54,1
DA:57,2
DA:60,125
DA:61,48
DA:64,125
DA:111,62
DA:128,24
DA:137,2
DA:183,1
DA:191,1
LF:34
LH:34
BRDA:43,0,0,1
BRDA:43,0,1,4
BRDA:48,1,0,1
BRDA:48,1,1,3
BRDA:52,2,0,1
BRDA:52,2,1,2
BRDA:126,3,0,1
BRDA:126,3,1,124
BRDA:141,4,0,1
BRDA:141,4,1,124
BRDA:144,5,0,125
BRDA:144,5,1,0
BRDA:152,6,0,125
BRDA:152,6,1,4
BRDA:164,7,0,0
BRDA:164,7,1,125
BRF:16
BRH:14
end_of_record
TN:
SF:client\src\pages\Register.tsx
FN:18,(anonymous_0)
FN:19,(anonymous_1)
FN:20,(anonymous_2)
FN:21,(anonymous_3)
FN:24,validatePassword
FN:35,getStepBadgeClass
FN:41,Register
FN:54,(anonymous_7)
FN:59,(anonymous_8)
FN:63,(anonymous_9)
FN:66,(anonymous_10)
FN:69,(anonymous_11)
FN:95,(anonymous_12)
FN:105,(anonymous_13)
FN:109,(anonymous_14)
FN:149,(anonymous_15)
FN:180,(anonymous_16)
FN:198,(anonymous_17)
FN:207,(anonymous_18)
FN:222,(anonymous_19)
FN:244,(anonymous_20)
FN:253,(anonymous_21)
FN:313,(anonymous_22)
FN:357,(anonymous_23)
FN:371,(anonymous_24)
FNF:25
FNH:21
FNDA:409,(anonymous_0)
FNDA:266,(anonymous_1)
FNDA:266,(anonymous_2)
FNDA:256,(anonymous_3)
FNDA:4,validatePassword
FNDA:504,getStepBadgeClass
FNDA:252,Register
FNDA:1,(anonymous_7)
FNDA:1,(anonymous_8)
FNDA:1,(anonymous_9)
FNDA:0,(anonymous_10)
FNDA:6,(anonymous_11)
FNDA:1,(anonymous_12)
FNDA:154,(anonymous_13)
FNDA:569,(anonymous_14)
FNDA:504,(anonymous_15)
FNDA:78,(anonymous_16)
FNDA:40,(anonymous_17)
FNDA:0,(anonymous_18)
FNDA:628,(anonymous_19)
FNDA:37,(anonymous_20)
FNDA:0,(anonymous_21)
FNDA:1,(anonymous_22)
FNDA:0,(anonymous_23)
FNDA:1,(anonymous_24)
DA:15,1
DA:17,1
DA:18,409
DA:19,266
DA:20,266
DA:21,256
DA:25,4
DA:26,3
DA:27,3
DA:28,3
DA:29,3
DA:30,3
DA:33,1
DA:36,504
DA:37,501
DA:38,249
DA:42,252
DA:43,252
DA:44,252
DA:45,252
DA:46,252
DA:47,252
DA:48,252
DA:49,252
DA:50,252
DA:51,252
DA:52,252
DA:53,252
DA:55,1
DA:56,1
DA:57,1
DA:59,1
DA:62,252
DA:64,1
DA:66,0
DA:69,252
DA:70,6
DA:71,6
DA:73,6
DA:74,1
DA:75,1
DA:78,5
DA:79,1
DA:80,1
DA:83,4
DA:84,4
DA:85,1
DA:86,1
DA:88,3
DA:89,1
DA:90,1
DA:92,2
DA:95,252
DA:96,1
DA:97,1
DA:98,1
DA:99,0
DA:100,0
DA:102,1
DA:105,252
DA:106,154
DA:109,569
DA:110,252
DA:112,252
DA:150,504
DA:180,78
DA:198,40
DA:207,0
DA:223,628
DA:224,628
DA:244,37
DA:253,0
DA:313,1
DA:357,0
DA:371,1
LF:75
LH:69
BRDA:25,0,0,1
BRDA:25,0,1,3
BRDA:26,1,0,0
BRDA:26,1,1,3
BRDA:27,2,0,0
BRDA:27,2,1,3
BRDA:28,3,0,0
BRDA:28,3,1,3
BRDA:29,4,0,0
BRDA:29,4,1,3
BRDA:36,5,0,3
BRDA:36,5,1,501
BRDA:37,6,0,252
BRDA:37,6,1,249
BRDA:73,7,0,1
BRDA:73,7,1,5
BRDA:78,8,0,1
BRDA:78,8,1,4
BRDA:84,9,0,1
BRDA:84,9,1,3
BRDA:88,10,0,1
BRDA:88,10,1,2
BRDA:98,11,0,0
BRDA:98,11,1,1
BRDA:110,12,0,252
BRDA:110,12,1,100
BRDA:152,13,0,255
BRDA:152,13,1,249
BRDA:157,14,0,3
BRDA:157,14,1,501
BRDA:161,15,0,504
BRDA:161,15,1,252
BRDA:162,16,0,3
BRDA:162,16,1,249
BRDA:170,17,0,249
BRDA:170,17,1,3
BRDA:196,18,0,0
BRDA:196,18,1,249
BRDA:211,19,0,0
BRDA:211,19,1,249
BRDA:214,20,0,249
BRDA:214,20,1,0
BRDA:220,21,0,249
BRDA:220,21,1,157
BRDA:225,22,0,432
BRDA:225,22,1,196
BRDA:226,23,0,432
BRDA:226,23,1,196
BRDA:242,24,0,0
BRDA:242,24,1,249
BRDA:257,25,0,0
BRDA:257,25,1,249
BRDA:260,26,0,249
BRDA:260,26,1,76
BRDA:260,26,2,71
BRDA:266,27,0,249
BRDA:266,27,1,5
BRDA:274,28,0,249
BRDA:274,28,1,5
BRDA:284,29,0,249
BRDA:284,29,1,249
BRDA:284,29,2,82
BRDA:286,30,0,0
BRDA:286,30,1,249
BRDA:301,31,0,3
BRDA:301,31,1,3
BRDA:330,32,0,3
BRDA:330,32,1,0
BRDA:340,33,0,3
BRDA:340,33,1,2
BRDA:342,34,0,0
BRDA:342,34,1,3
BRF:72
BRH:59
end_of_record
